{"C:\\Users\\Jose\\Documents\\movies-plus\\src\\components\\Alert\\Alert.tsx": {"path":"C:\\Users\\Jose\\Documents\\movies-plus\\src\\components\\Alert\\Alert.tsx","statementMap":{"0":{"start":{"line":3,"column":0},"end":{"line":3,"column":21}},"1":{"start":{"line":5,"column":51},"end":{"line":7,"column":1}},"2":{"start":{"line":6,"column":2},"end":{"line":6,"column":null}},"3":{"start":{"line":9,"column":0},"end":{"line":9,"column":null}}},"fnMap":{"0":{"name":"(anonymous_0)","decl":{"start":{"line":5,"column":51},"end":{"line":5,"column":52}},"loc":{"start":{"line":5,"column":64},"end":{"line":7,"column":1}}}},"branchMap":{},"s":{"0":1,"1":1,"2":1,"3":1},"f":{"0":1},"b":{}}
,"C:\\Users\\Jose\\Documents\\movies-plus\\src\\components\\Back\\Back.tsx": {"path":"C:\\Users\\Jose\\Documents\\movies-plus\\src\\components\\Back\\Back.tsx","statementMap":{"0":{"start":{"line":2,"column":0},"end":{"line":2,"column":46}},"1":{"start":{"line":3,"column":0},"end":{"line":3,"column":46}},"2":{"start":{"line":5,"column":32},"end":{"line":21,"column":1}},"3":{"start":{"line":6,"column":19},"end":{"line":6,"column":32}},"4":{"start":{"line":8,"column":22},"end":{"line":10,"column":3}},"5":{"start":{"line":9,"column":4},"end":{"line":9,"column":null}},"6":{"start":{"line":12,"column":2},"end":{"line":20,"column":null}},"7":{"start":{"line":23,"column":0},"end":{"line":23,"column":null}}},"fnMap":{"0":{"name":"(anonymous_0)","decl":{"start":{"line":5,"column":32},"end":{"line":5,"column":35}},"loc":{"start":{"line":5,"column":37},"end":{"line":21,"column":1}}},"1":{"name":"(anonymous_1)","decl":{"start":{"line":8,"column":22},"end":{"line":8,"column":25}},"loc":{"start":{"line":8,"column":27},"end":{"line":10,"column":3}}}},"branchMap":{},"s":{"0":1,"1":1,"2":1,"3":1,"4":1,"5":1,"6":1,"7":1},"f":{"0":1,"1":1},"b":{}}
,"C:\\Users\\Jose\\Documents\\movies-plus\\src\\components\\Button\\Button.tsx": {"path":"C:\\Users\\Jose\\Documents\\movies-plus\\src\\components\\Button\\Button.tsx","statementMap":{"0":{"start":{"line":3,"column":0},"end":{"line":3,"column":22}},"1":{"start":{"line":6,"column":47},"end":{"line":16,"column":1}},"2":{"start":{"line":11,"column":2},"end":{"line":15,"column":null}},"3":{"start":{"line":18,"column":0},"end":{"line":18,"column":null}}},"fnMap":{"0":{"name":"(anonymous_0)","decl":{"start":{"line":6,"column":47},"end":{"line":6,"column":48}},"loc":{"start":{"line":10,"column":5},"end":{"line":16,"column":1}}}},"branchMap":{"0":{"loc":{"start":{"line":9,"column":2},"end":{"line":9,"column":17}},"type":"default-arg","locations":[{"start":{"line":9,"column":9},"end":{"line":9,"column":17}}]}},"s":{"0":1,"1":1,"2":4,"3":1},"f":{"0":4},"b":{"0":[3]}}
,"C:\\Users\\Jose\\Documents\\movies-plus\\src\\components\\CardBackdrop\\CardBackdrop.tsx": {"path":"C:\\Users\\Jose\\Documents\\movies-plus\\src\\components\\CardBackdrop\\CardBackdrop.tsx","statementMap":{"0":{"start":{"line":1,"column":0},"end":{"line":1,"column":35}},"1":{"start":{"line":5,"column":58},"end":{"line":19,"column":1}},"2":{"start":{"line":6,"column":2},"end":{"line":18,"column":null}},"3":{"start":{"line":21,"column":0},"end":{"line":21,"column":null}}},"fnMap":{"0":{"name":"(anonymous_0)","decl":{"start":{"line":5,"column":58},"end":{"line":5,"column":59}},"loc":{"start":{"line":5,"column":72},"end":{"line":19,"column":1}}}},"branchMap":{},"s":{"0":1,"1":1,"2":1,"3":1},"f":{"0":1},"b":{}}
,"C:\\Users\\Jose\\Documents\\movies-plus\\src\\components\\Categories\\Categories.tsx": {"path":"C:\\Users\\Jose\\Documents\\movies-plus\\src\\components\\Categories\\Categories.tsx","statementMap":{"0":{"start":{"line":2,"column":0},"end":{"line":2,"column":80}},"1":{"start":{"line":5,"column":68},"end":{"line":19,"column":1}},"2":{"start":{"line":8,"column":2},"end":{"line":18,"column":null}},"3":{"start":{"line":15,"column":8},"end":{"line":15,"column":62}},"4":{"start":{"line":21,"column":0},"end":{"line":21,"column":null}}},"fnMap":{"0":{"name":"(anonymous_1)","decl":{"start":{"line":5,"column":68},"end":{"line":5,"column":69}},"loc":{"start":{"line":7,"column":5},"end":{"line":19,"column":1}}},"1":{"name":"(anonymous_2)","decl":{"start":{"line":14,"column":22},"end":{"line":14,"column":23}},"loc":{"start":{"line":15,"column":8},"end":{"line":15,"column":62}}}},"branchMap":{"0":{"loc":{"start":{"line":6,"column":2},"end":{"line":6,"column":17}},"type":"default-arg","locations":[{"start":{"line":6,"column":15},"end":{"line":6,"column":17}}]}},"s":{"0":1,"1":1,"2":1,"3":2,"4":1},"f":{"0":1,"1":2},"b":{"0":[0]}}
,"C:\\Users\\Jose\\Documents\\movies-plus\\src\\components\\Categories\\components\\CategoriesItem\\CategoriesItem.tsx": {"path":"C:\\Users\\Jose\\Documents\\movies-plus\\src\\components\\Categories\\components\\CategoriesItem\\CategoriesItem.tsx","statementMap":{"0":{"start":{"line":3,"column":0},"end":{"line":3,"column":39}},"1":{"start":{"line":5,"column":60},"end":{"line":20,"column":1}},"2":{"start":{"line":8,"column":2},"end":{"line":19,"column":null}},"3":{"start":{"line":22,"column":0},"end":{"line":22,"column":null}}},"fnMap":{"0":{"name":"(anonymous_0)","decl":{"start":{"line":5,"column":60},"end":{"line":5,"column":61}},"loc":{"start":{"line":7,"column":5},"end":{"line":20,"column":1}}}},"branchMap":{},"s":{"0":2,"1":2,"2":3,"3":2},"f":{"0":3},"b":{}}
,"C:\\Users\\Jose\\Documents\\movies-plus\\src\\components\\Common\\PrivateRoute\\PrivateRoute.tsx": {"path":"C:\\Users\\Jose\\Documents\\movies-plus\\src\\components\\Common\\PrivateRoute\\PrivateRoute.tsx","statementMap":{"0":{"start":{"line":4,"column":0},"end":{"line":4,"column":41}},"1":{"start":{"line":5,"column":0},"end":{"line":5,"column":51}},"2":{"start":{"line":7,"column":0},"end":{"line":7,"column":55}},"3":{"start":{"line":8,"column":0},"end":{"line":8,"column":46}},"4":{"start":{"line":10,"column":43},"end":{"line":26,"column":1}},"5":{"start":{"line":11,"column":31},"end":{"line":11,"column":72}},"6":{"start":{"line":11,"column":61},"end":{"line":11,"column":71}},"7":{"start":{"line":13,"column":2},"end":{"line":15,"column":3}},"8":{"start":{"line":14,"column":4},"end":{"line":14,"column":null}},"9":{"start":{"line":17,"column":2},"end":{"line":19,"column":3}},"10":{"start":{"line":18,"column":4},"end":{"line":18,"column":null}},"11":{"start":{"line":20,"column":2},"end":{"line":25,"column":null}},"12":{"start":{"line":28,"column":0},"end":{"line":28,"column":null}}},"fnMap":{"0":{"name":"(anonymous_1)","decl":{"start":{"line":10,"column":43},"end":{"line":10,"column":44}},"loc":{"start":{"line":10,"column":71},"end":{"line":26,"column":1}}},"1":{"name":"(anonymous_2)","decl":{"start":{"line":11,"column":43},"end":{"line":11,"column":44}},"loc":{"start":{"line":11,"column":61},"end":{"line":11,"column":71}}}},"branchMap":{"0":{"loc":{"start":{"line":13,"column":2},"end":{"line":15,"column":3}},"type":"if","locations":[{"start":{"line":13,"column":2},"end":{"line":15,"column":3}}]},"1":{"loc":{"start":{"line":13,"column":6},"end":{"line":13,"column":65}},"type":"binary-expr","locations":[{"start":{"line":13,"column":6},"end":{"line":13,"column":42}},{"start":{"line":13,"column":46},"end":{"line":13,"column":65}}]},"2":{"loc":{"start":{"line":17,"column":2},"end":{"line":19,"column":3}},"type":"if","locations":[{"start":{"line":17,"column":2},"end":{"line":19,"column":3}}]},"3":{"loc":{"start":{"line":23,"column":7},"end":{"line":23,"column":39}},"type":"cond-expr","locations":[{"start":{"line":23,"column":18},"end":{"line":23,"column":26}},{"start":{"line":23,"column":29},"end":{"line":23,"column":39}}]}},"s":{"0":1,"1":1,"2":1,"3":1,"4":1,"5":2,"6":4,"7":2,"8":0,"9":2,"10":1,"11":1,"12":1},"f":{"0":2,"1":4},"b":{"0":[0],"1":[2,0],"2":[1],"3":[1,0]}}
,"C:\\Users\\Jose\\Documents\\movies-plus\\src\\components\\ContenCategory\\ContentCategory.tsx": {"path":"C:\\Users\\Jose\\Documents\\movies-plus\\src\\components\\ContenCategory\\ContentCategory.tsx","statementMap":{"0":{"start":{"line":1,"column":0},"end":{"line":1,"column":39}},"1":{"start":{"line":2,"column":0},"end":{"line":2,"column":65}},"2":{"start":{"line":4,"column":0},"end":{"line":4,"column":38}},"3":{"start":{"line":5,"column":0},"end":{"line":5,"column":55}},"4":{"start":{"line":7,"column":65},"end":{"line":33,"column":1}},"5":{"start":{"line":12,"column":38},"end":{"line":12,"column":50}},"6":{"start":{"line":14,"column":26},"end":{"line":16,"column":3}},"7":{"start":{"line":15,"column":4},"end":{"line":15,"column":null}},"8":{"start":{"line":18,"column":2},"end":{"line":23,"column":null}},"9":{"start":{"line":19,"column":16},"end":{"line":19,"column":70}},"10":{"start":{"line":25,"column":2},"end":{"line":32,"column":null}},"11":{"start":{"line":35,"column":0},"end":{"line":35,"column":null}}},"fnMap":{"0":{"name":"(anonymous_1)","decl":{"start":{"line":7,"column":65},"end":{"line":7,"column":66}},"loc":{"start":{"line":11,"column":5},"end":{"line":33,"column":1}}},"1":{"name":"(anonymous_2)","decl":{"start":{"line":14,"column":26},"end":{"line":14,"column":27}},"loc":{"start":{"line":14,"column":40},"end":{"line":16,"column":3}}},"2":{"name":"(anonymous_3)","decl":{"start":{"line":19,"column":4},"end":{"line":19,"column":9}},"loc":{"start":{"line":19,"column":16},"end":{"line":19,"column":70}}},"3":{"name":"(anonymous_4)","decl":{"start":{"line":21,"column":4},"end":{"line":21,"column":7}},"loc":{"start":{"line":21,"column":9},"end":{"line":21,"column":12}}}},"branchMap":{},"s":{"0":1,"1":1,"2":1,"3":1,"4":1,"5":1,"6":1,"7":0,"8":1,"9":0,"10":1,"11":1},"f":{"0":1,"1":0,"2":0,"3":0},"b":{}}
,"C:\\Users\\Jose\\Documents\\movies-plus\\src\\components\\ContenCategory\\components\\MovieCard\\MovieCard.tsx": {"path":"C:\\Users\\Jose\\Documents\\movies-plus\\src\\components\\ContenCategory\\components\\MovieCard\\MovieCard.tsx","statementMap":{"0":{"start":{"line":1,"column":0},"end":{"line":1,"column":35}},"1":{"start":{"line":4,"column":0},"end":{"line":4,"column":46}},"2":{"start":{"line":6,"column":55},"end":{"line":26,"column":1}},"3":{"start":{"line":7,"column":19},"end":{"line":7,"column":32}},"4":{"start":{"line":9,"column":22},"end":{"line":11,"column":3}},"5":{"start":{"line":10,"column":4},"end":{"line":10,"column":null}},"6":{"start":{"line":13,"column":2},"end":{"line":25,"column":null}},"7":{"start":{"line":28,"column":0},"end":{"line":28,"column":null}}},"fnMap":{"0":{"name":"(anonymous_0)","decl":{"start":{"line":6,"column":55},"end":{"line":6,"column":56}},"loc":{"start":{"line":6,"column":69},"end":{"line":26,"column":1}}},"1":{"name":"(anonymous_1)","decl":{"start":{"line":9,"column":22},"end":{"line":9,"column":25}},"loc":{"start":{"line":9,"column":27},"end":{"line":11,"column":3}}}},"branchMap":{},"s":{"0":3,"1":3,"2":3,"3":6,"4":6,"5":1,"6":6,"7":3},"f":{"0":6,"1":1},"b":{}}
,"C:\\Users\\Jose\\Documents\\movies-plus\\src\\components\\ContenCategory\\components\\MovieList\\MovieList.tsx": {"path":"C:\\Users\\Jose\\Documents\\movies-plus\\src\\components\\ContenCategory\\components\\MovieList\\MovieList.tsx","statementMap":{"0":{"start":{"line":1,"column":0},"end":{"line":1,"column":37}},"1":{"start":{"line":2,"column":0},"end":{"line":2,"column":79}},"2":{"start":{"line":3,"column":0},"end":{"line":3,"column":55}},"3":{"start":{"line":6,"column":58},"end":{"line":42,"column":1}},"4":{"start":{"line":7,"column":21},"end":{"line":7,"column":33}},"5":{"start":{"line":9,"column":21},"end":{"line":11,"column":3}},"6":{"start":{"line":10,"column":4},"end":{"line":10,"column":null}},"7":{"start":{"line":12,"column":20},"end":{"line":14,"column":3}},"8":{"start":{"line":13,"column":4},"end":{"line":13,"column":null}},"9":{"start":{"line":16,"column":2},"end":{"line":41,"column":null}},"10":{"start":{"line":19,"column":23},"end":{"line":19,"column":52}},"11":{"start":{"line":31,"column":10},"end":{"line":31,"column":61}},"12":{"start":{"line":35,"column":23},"end":{"line":35,"column":53}},"13":{"start":{"line":44,"column":0},"end":{"line":44,"column":null}}},"fnMap":{"0":{"name":"(anonymous_1)","decl":{"start":{"line":6,"column":58},"end":{"line":6,"column":59}},"loc":{"start":{"line":6,"column":73},"end":{"line":42,"column":1}}},"1":{"name":"(anonymous_2)","decl":{"start":{"line":9,"column":21},"end":{"line":9,"column":22}},"loc":{"start":{"line":9,"column":38},"end":{"line":11,"column":3}}},"2":{"name":"(anonymous_3)","decl":{"start":{"line":12,"column":20},"end":{"line":12,"column":21}},"loc":{"start":{"line":12,"column":37},"end":{"line":14,"column":3}}},"3":{"name":"(anonymous_4)","decl":{"start":{"line":19,"column":17},"end":{"line":19,"column":20}},"loc":{"start":{"line":19,"column":23},"end":{"line":19,"column":52}}},"4":{"name":"(anonymous_5)","decl":{"start":{"line":30,"column":20},"end":{"line":30,"column":21}},"loc":{"start":{"line":31,"column":10},"end":{"line":31,"column":61}}},"5":{"name":"(anonymous_6)","decl":{"start":{"line":35,"column":17},"end":{"line":35,"column":20}},"loc":{"start":{"line":35,"column":23},"end":{"line":35,"column":53}}}},"branchMap":{},"s":{"0":2,"1":2,"2":2,"3":2,"4":3,"5":3,"6":1,"7":3,"8":1,"9":3,"10":1,"11":4,"12":1,"13":2},"f":{"0":3,"1":1,"2":1,"3":1,"4":4,"5":1},"b":{}}
,"C:\\Users\\Jose\\Documents\\movies-plus\\src\\components\\Input\\Input.tsx": {"path":"C:\\Users\\Jose\\Documents\\movies-plus\\src\\components\\Input\\Input.tsx","statementMap":{"0":{"start":{"line":3,"column":0},"end":{"line":3,"column":21}},"1":{"start":{"line":6,"column":45},"end":{"line":35,"column":1}},"2":{"start":{"line":16,"column":2},"end":{"line":34,"column":null}},"3":{"start":{"line":37,"column":0},"end":{"line":37,"column":null}}},"fnMap":{"0":{"name":"(anonymous_0)","decl":{"start":{"line":6,"column":45},"end":{"line":6,"column":46}},"loc":{"start":{"line":15,"column":5},"end":{"line":35,"column":1}}}},"branchMap":{"0":{"loc":{"start":{"line":9,"column":2},"end":{"line":9,"column":26}},"type":"default-arg","locations":[{"start":{"line":9,"column":17},"end":{"line":9,"column":26}}]},"1":{"loc":{"start":{"line":14,"column":2},"end":{"line":14,"column":17}},"type":"default-arg","locations":[{"start":{"line":14,"column":12},"end":{"line":14,"column":17}}]},"2":{"loc":{"start":{"line":22,"column":49},"end":{"line":22,"column":95}},"type":"binary-expr","locations":[{"start":{"line":22,"column":49},"end":{"line":22,"column":56}},{"start":{"line":22,"column":60},"end":{"line":22,"column":95}}]},"3":{"loc":{"start":{"line":29,"column":9},"end":{"line":30,"column":null}},"type":"binary-expr","locations":[{"start":{"line":29,"column":9},"end":{"line":29,"column":16}},{"start":{"line":30,"column":10},"end":{"line":30,"column":72}}]}},"s":{"0":1,"1":1,"2":2,"3":1},"f":{"0":2},"b":{"0":[0],"1":[0],"2":[2,1],"3":[2,1]}}
,"C:\\Users\\Jose\\Documents\\movies-plus\\src\\components\\Loader\\Loader.tsx": {"path":"C:\\Users\\Jose\\Documents\\movies-plus\\src\\components\\Loader\\Loader.tsx","statementMap":{"0":{"start":{"line":3,"column":25},"end":{"line":13,"column":1}},"1":{"start":{"line":4,"column":2},"end":{"line":12,"column":null}},"2":{"start":{"line":15,"column":0},"end":{"line":15,"column":null}}},"fnMap":{"0":{"name":"(anonymous_0)","decl":{"start":{"line":3,"column":25},"end":{"line":3,"column":28}},"loc":{"start":{"line":3,"column":30},"end":{"line":13,"column":1}}}},"branchMap":{},"s":{"0":2,"1":1,"2":2},"f":{"0":1},"b":{}}
,"C:\\Users\\Jose\\Documents\\movies-plus\\src\\components\\NavBar\\NavBar.tsx": {"path":"C:\\Users\\Jose\\Documents\\movies-plus\\src\\components\\NavBar\\NavBar.tsx","statementMap":{"0":{"start":{"line":1,"column":0},"end":{"line":1,"column":39}},"1":{"start":{"line":3,"column":0},"end":{"line":3,"column":62}},"2":{"start":{"line":4,"column":0},"end":{"line":4,"column":71}},"3":{"start":{"line":5,"column":0},"end":{"line":5,"column":41}},"4":{"start":{"line":6,"column":0},"end":{"line":6,"column":41}},"5":{"start":{"line":7,"column":0},"end":{"line":7,"column":50}},"6":{"start":{"line":9,"column":34},"end":{"line":39,"column":1}},"7":{"start":{"line":10,"column":30},"end":{"line":10,"column":45}},"8":{"start":{"line":11,"column":19},"end":{"line":11,"column":32}},"9":{"start":{"line":13,"column":2},"end":{"line":38,"column":null}},"10":{"start":{"line":22,"column":23},"end":{"line":22,"column":41}},"11":{"start":{"line":33,"column":27},"end":{"line":33,"column":59}},"12":{"start":{"line":41,"column":0},"end":{"line":41,"column":null}}},"fnMap":{"0":{"name":"(anonymous_1)","decl":{"start":{"line":9,"column":34},"end":{"line":9,"column":37}},"loc":{"start":{"line":9,"column":39},"end":{"line":39,"column":1}}},"1":{"name":"(anonymous_2)","decl":{"start":{"line":22,"column":17},"end":{"line":22,"column":20}},"loc":{"start":{"line":22,"column":23},"end":{"line":22,"column":41}}},"2":{"name":"(anonymous_3)","decl":{"start":{"line":33,"column":21},"end":{"line":33,"column":24}},"loc":{"start":{"line":33,"column":27},"end":{"line":33,"column":59}}}},"branchMap":{"0":{"loc":{"start":{"line":24,"column":7},"end":{"line":35,"column":null}},"type":"binary-expr","locations":[{"start":{"line":24,"column":7},"end":{"line":24,"column":13}},{"start":{"line":25,"column":8},"end":{"line":34,"column":null}}]}},"s":{"0":1,"1":1,"2":1,"3":1,"4":1,"5":1,"6":1,"7":1,"8":1,"9":1,"10":0,"11":0,"12":1},"f":{"0":1,"1":0,"2":0},"b":{"0":[1,0]}}
,"C:\\Users\\Jose\\Documents\\movies-plus\\src\\components\\NavBar\\components\\NavLinkItem\\NavLinkItem.tsx": {"path":"C:\\Users\\Jose\\Documents\\movies-plus\\src\\components\\NavBar\\components\\NavLinkItem\\NavLinkItem.tsx","statementMap":{"0":{"start":{"line":3,"column":0},"end":{"line":3,"column":39}},"1":{"start":{"line":5,"column":57},"end":{"line":36,"column":1}},"2":{"start":{"line":11,"column":2},"end":{"line":35,"column":null}},"3":{"start":{"line":38,"column":0},"end":{"line":38,"column":null}}},"fnMap":{"0":{"name":"(anonymous_0)","decl":{"start":{"line":5,"column":57},"end":{"line":5,"column":58}},"loc":{"start":{"line":10,"column":5},"end":{"line":36,"column":1}}}},"branchMap":{"0":{"loc":{"start":{"line":13,"column":7},"end":{"line":32,"column":null}},"type":"cond-expr","locations":[{"start":{"line":14,"column":8},"end":{"line":21,"column":null}},{"start":{"line":24,"column":8},"end":{"line":31,"column":null}}]}},"s":{"0":1,"1":1,"2":8,"3":1},"f":{"0":8},"b":{"0":[0,8]}}
,"C:\\Users\\Jose\\Documents\\movies-plus\\src\\components\\NavBar\\components\\NavLinks\\Navlinks.tsx": {"path":"C:\\Users\\Jose\\Documents\\movies-plus\\src\\components\\NavBar\\components\\NavLinks\\Navlinks.tsx","statementMap":{"0":{"start":{"line":1,"column":0},"end":{"line":1,"column":39}},"1":{"start":{"line":3,"column":0},"end":{"line":3,"column":79}},"2":{"start":{"line":4,"column":0},"end":{"line":4,"column":61}},"3":{"start":{"line":5,"column":0},"end":{"line":5,"column":47}},"4":{"start":{"line":7,"column":36},"end":{"line":84,"column":1}},"5":{"start":{"line":8,"column":30},"end":{"line":8,"column":45}},"6":{"start":{"line":9,"column":15},"end":{"line":30,"column":null}},"7":{"start":{"line":32,"column":2},"end":{"line":83,"column":null}},"8":{"start":{"line":36,"column":10},"end":{"line":40,"column":null}},"9":{"start":{"line":47,"column":12},"end":{"line":53,"column":null}},"10":{"start":{"line":56,"column":50},"end":{"line":56,"column":68}},"11":{"start":{"line":69,"column":18},"end":{"line":75,"column":null}},"12":{"start":{"line":86,"column":0},"end":{"line":86,"column":null}}},"fnMap":{"0":{"name":"(anonymous_1)","decl":{"start":{"line":7,"column":36},"end":{"line":7,"column":39}},"loc":{"start":{"line":7,"column":41},"end":{"line":84,"column":1}}},"1":{"name":"(anonymous_2)","decl":{"start":{"line":35,"column":18},"end":{"line":35,"column":19}},"loc":{"start":{"line":36,"column":10},"end":{"line":40,"column":null}}},"2":{"name":"(anonymous_3)","decl":{"start":{"line":46,"column":10},"end":{"line":46,"column":11}},"loc":{"start":{"line":47,"column":12},"end":{"line":53,"column":null}}},"3":{"name":"(anonymous_4)","decl":{"start":{"line":56,"column":44},"end":{"line":56,"column":47}},"loc":{"start":{"line":56,"column":50},"end":{"line":56,"column":68}}},"4":{"name":"(anonymous_5)","decl":{"start":{"line":68,"column":16},"end":{"line":68,"column":17}},"loc":{"start":{"line":69,"column":18},"end":{"line":75,"column":null}}}},"branchMap":{"0":{"loc":{"start":{"line":47,"column":12},"end":{"line":53,"column":null}},"type":"binary-expr","locations":[{"start":{"line":47,"column":12},"end":{"line":47,"column":21}},{"start":{"line":48,"column":14},"end":{"line":52,"column":null}}]},"1":{"loc":{"start":{"line":62,"column":11},"end":{"line":79,"column":18}},"type":"cond-expr","locations":[{"start":{"line":63,"column":12},"end":{"line":77,"column":null}},{"start":{"line":79,"column":14},"end":{"line":79,"column":18}}]},"2":{"loc":{"start":{"line":69,"column":18},"end":{"line":75,"column":null}},"type":"binary-expr","locations":[{"start":{"line":69,"column":18},"end":{"line":69,"column":27}},{"start":{"line":70,"column":20},"end":{"line":74,"column":null}}]}},"s":{"0":1,"1":1,"2":1,"3":1,"4":1,"5":1,"6":1,"7":1,"8":4,"9":4,"10":0,"11":0,"12":1},"f":{"0":1,"1":4,"2":4,"3":0,"4":0},"b":{"0":[4,3],"1":[0,1],"2":[0,0]}}
,"C:\\Users\\Jose\\Documents\\movies-plus\\src\\config\\axios\\axios.config.ts": {"path":"C:\\Users\\Jose\\Documents\\movies-plus\\src\\config\\axios\\axios.config.ts","statementMap":{"0":{"start":{"line":1,"column":0},"end":{"line":1,"column":35}},"1":{"start":{"line":2,"column":0},"end":{"line":2,"column":25}},"2":{"start":{"line":4,"column":22},"end":{"line":6,"column":2}},"3":{"start":{"line":8,"column":0},"end":{"line":8,"column":null}}},"fnMap":{},"branchMap":{},"s":{"0":1,"1":1,"2":1,"3":1},"f":{},"b":{}}
,"C:\\Users\\Jose\\Documents\\movies-plus\\src\\hooks\\useAsync.tsx": {"path":"C:\\Users\\Jose\\Documents\\movies-plus\\src\\hooks\\useAsync.tsx","statementMap":{"0":{"start":{"line":1,"column":0},"end":{"line":1,"column":43}},"1":{"start":{"line":3,"column":17},"end":{"line":34,"column":1}},"2":{"start":{"line":9,"column":32},"end":{"line":9,"column":47}},"3":{"start":{"line":11,"column":2},"end":{"line":31,"column":null}},"4":{"start":{"line":12,"column":4},"end":{"line":12,"column":null}},"5":{"start":{"line":13,"column":19},"end":{"line":13,"column":23}},"6":{"start":{"line":14,"column":4},"end":{"line":25,"column":null}},"7":{"start":{"line":16,"column":8},"end":{"line":18,"column":9}},"8":{"start":{"line":17,"column":10},"end":{"line":17,"column":null}},"9":{"start":{"line":19,"column":8},"end":{"line":19,"column":null}},"10":{"start":{"line":22,"column":8},"end":{"line":22,"column":null}},"11":{"start":{"line":23,"column":8},"end":{"line":23,"column":null}},"12":{"start":{"line":26,"column":4},"end":{"line":30,"column":null}},"13":{"start":{"line":27,"column":6},"end":{"line":27,"column":null}},"14":{"start":{"line":28,"column":6},"end":{"line":28,"column":null}},"15":{"start":{"line":29,"column":6},"end":{"line":29,"column":null}},"16":{"start":{"line":33,"column":2},"end":{"line":33,"column":null}},"17":{"start":{"line":36,"column":0},"end":{"line":36,"column":null}}},"fnMap":{"0":{"name":"(anonymous_0)","decl":{"start":{"line":3,"column":17},"end":{"line":3,"column":null}},"loc":{"start":{"line":8,"column":4},"end":{"line":34,"column":1}}},"1":{"name":"(anonymous_1)","decl":{"start":{"line":11,"column":12},"end":{"line":11,"column":15}},"loc":{"start":{"line":11,"column":17},"end":{"line":31,"column":3}}},"2":{"name":"(anonymous_2)","decl":{"start":{"line":15,"column":6},"end":{"line":15,"column":7}},"loc":{"start":{"line":15,"column":17},"end":{"line":20,"column":7}}},"3":{"name":"(anonymous_3)","decl":{"start":{"line":21,"column":6},"end":{"line":21,"column":7}},"loc":{"start":{"line":21,"column":16},"end":{"line":24,"column":7}}},"4":{"name":"(anonymous_4)","decl":{"start":{"line":26,"column":11},"end":{"line":26,"column":14}},"loc":{"start":{"line":26,"column":16},"end":{"line":30,"column":5}}}},"branchMap":{"0":{"loc":{"start":{"line":7,"column":2},"end":{"line":7,"column":26}},"type":"default-arg","locations":[{"start":{"line":7,"column":24},"end":{"line":7,"column":26}}]},"1":{"loc":{"start":{"line":16,"column":8},"end":{"line":18,"column":9}},"type":"if","locations":[{"start":{"line":16,"column":8},"end":{"line":18,"column":9}}]},"2":{"loc":{"start":{"line":27,"column":6},"end":{"line":27,"column":40}},"type":"binary-expr","locations":[{"start":{"line":27,"column":6},"end":{"line":27,"column":20}},{"start":{"line":27,"column":24},"end":{"line":27,"column":40}}]}},"s":{"0":1,"1":1,"2":0,"3":0,"4":0,"5":0,"6":0,"7":0,"8":0,"9":0,"10":0,"11":0,"12":0,"13":0,"14":0,"15":0,"16":0,"17":1},"f":{"0":0,"1":0,"2":0,"3":0,"4":0},"b":{"0":[0],"1":[0],"2":[0,0]}}
,"C:\\Users\\Jose\\Documents\\movies-plus\\src\\redux\\slices\\auth.slice.ts": {"path":"C:\\Users\\Jose\\Documents\\movies-plus\\src\\redux\\slices\\auth.slice.ts","statementMap":{"0":{"start":{"line":1,"column":0},"end":{"line":1,"column":46}},"1":{"start":{"line":4,"column":32},"end":{"line":13,"column":null}},"2":{"start":{"line":15,"column":18},"end":{"line":67,"column":2}},"3":{"start":{"line":19,"column":40},"end":{"line":22,"column":6}},"4":{"start":{"line":24,"column":24},"end":{"line":27,"column":6}},"5":{"start":{"line":29,"column":30},"end":{"line":36,"column":6}},"6":{"start":{"line":38,"column":39},"end":{"line":43,"column":6}},"7":{"start":{"line":45,"column":41},"end":{"line":48,"column":6}},"8":{"start":{"line":50,"column":25},"end":{"line":53,"column":6}},"9":{"start":{"line":55,"column":31},"end":{"line":65,"column":6}},"10":{"start":{"line":69,"column":13},"end":{"line":76,"column":null}},"11":{"start":{"line":79,"column":0},"end":{"line":79,"column":null}}},"fnMap":{"0":{"name":"(anonymous_0)","decl":{"start":{"line":19,"column":20},"end":{"line":19,"column":21}},"loc":{"start":{"line":19,"column":40},"end":{"line":22,"column":6}}},"1":{"name":"(anonymous_1)","decl":{"start":{"line":24,"column":12},"end":{"line":24,"column":13}},"loc":{"start":{"line":24,"column":24},"end":{"line":27,"column":6}}},"2":{"name":"(anonymous_2)","decl":{"start":{"line":29,"column":18},"end":{"line":29,"column":19}},"loc":{"start":{"line":29,"column":30},"end":{"line":36,"column":6}}},"3":{"name":"(anonymous_3)","decl":{"start":{"line":38,"column":19},"end":{"line":38,"column":20}},"loc":{"start":{"line":38,"column":39},"end":{"line":43,"column":6}}},"4":{"name":"(anonymous_4)","decl":{"start":{"line":45,"column":29},"end":{"line":45,"column":30}},"loc":{"start":{"line":45,"column":41},"end":{"line":48,"column":6}}},"5":{"name":"(anonymous_5)","decl":{"start":{"line":50,"column":13},"end":{"line":50,"column":14}},"loc":{"start":{"line":50,"column":25},"end":{"line":53,"column":6}}},"6":{"name":"(anonymous_6)","decl":{"start":{"line":55,"column":19},"end":{"line":55,"column":20}},"loc":{"start":{"line":55,"column":31},"end":{"line":65,"column":6}}}},"branchMap":{},"s":{"0":1,"1":1,"2":1,"3":0,"4":0,"5":0,"6":0,"7":0,"8":0,"9":0,"10":1,"11":1},"f":{"0":0,"1":0,"2":0,"3":0,"4":0,"5":0,"6":0},"b":{}}
,"C:\\Users\\Jose\\Documents\\movies-plus\\src\\service\\movies.service.ts": {"path":"C:\\Users\\Jose\\Documents\\movies-plus\\src\\service\\movies.service.ts","statementMap":{"0":{"start":{"line":1,"column":0},"end":{"line":1,"column":54}},"1":{"start":{"line":2,"column":0},"end":{"line":2,"column":35}},"2":{"start":{"line":6,"column":4},"end":{"line":6,"column":null}},"3":{"start":{"line":10,"column":4},"end":{"line":10,"column":null}},"4":{"start":{"line":14,"column":4},"end":{"line":21,"column":null}},"5":{"start":{"line":25,"column":4},"end":{"line":31,"column":null}},"6":{"start":{"line":35,"column":4},"end":{"line":76,"column":5}},"7":{"start":{"line":36,"column":26},"end":{"line":43,"column":null}},"8":{"start":{"line":45,"column":22},"end":{"line":52,"column":null}},"9":{"start":{"line":55,"column":6},"end":{"line":73,"column":null}},"10":{"start":{"line":56,"column":25},"end":{"line":57,"column":null}},"11":{"start":{"line":57,"column":27},"end":{"line":57,"column":52}},"12":{"start":{"line":59,"column":8},"end":{"line":72,"column":null}},"13":{"start":{"line":75,"column":6},"end":{"line":75,"column":null}},"14":{"start":{"line":4,"column":0},"end":{"line":4,"column":13}}},"fnMap":{"0":{"name":"(anonymous_1)","decl":{"start":{"line":5,"column":2},"end":{"line":5,"column":8}},"loc":{"start":{"line":5,"column":26},"end":{"line":7,"column":3}}},"1":{"name":"(anonymous_2)","decl":{"start":{"line":9,"column":2},"end":{"line":9,"column":8}},"loc":{"start":{"line":9,"column":22},"end":{"line":11,"column":3}}},"2":{"name":"(anonymous_3)","decl":{"start":{"line":13,"column":2},"end":{"line":13,"column":8}},"loc":{"start":{"line":13,"column":41},"end":{"line":22,"column":3}}},"3":{"name":"(anonymous_4)","decl":{"start":{"line":24,"column":2},"end":{"line":24,"column":8}},"loc":{"start":{"line":24,"column":53},"end":{"line":32,"column":3}}},"4":{"name":"(anonymous_5)","decl":{"start":{"line":34,"column":2},"end":{"line":34,"column":8}},"loc":{"start":{"line":34,"column":43},"end":{"line":77,"column":3}}},"5":{"name":"(anonymous_6)","decl":{"start":{"line":55,"column":25},"end":{"line":55,"column":26}},"loc":{"start":{"line":55,"column":37},"end":{"line":73,"column":7}}},"6":{"name":"(anonymous_7)","decl":{"start":{"line":57,"column":10},"end":{"line":57,"column":11}},"loc":{"start":{"line":57,"column":27},"end":{"line":57,"column":52}}}},"branchMap":{},"s":{"0":1,"1":1,"2":0,"3":0,"4":0,"5":0,"6":0,"7":0,"8":0,"9":0,"10":0,"11":0,"12":0,"13":0,"14":1},"f":{"0":0,"1":0,"2":0,"3":0,"4":0,"5":0,"6":0},"b":{}}
}
