{"C:\\Users\\Jose\\Documents\\movies-plus\\src\\components\\Alert\\Alert.tsx": {"path":"C:\\Users\\Jose\\Documents\\movies-plus\\src\\components\\Alert\\Alert.tsx","statementMap":{"0":{"start":{"line":3,"column":0},"end":{"line":3,"column":21}},"1":{"start":{"line":5,"column":51},"end":{"line":7,"column":1}},"2":{"start":{"line":6,"column":2},"end":{"line":6,"column":null}},"3":{"start":{"line":9,"column":0},"end":{"line":9,"column":null}}},"fnMap":{"0":{"name":"(anonymous_0)","decl":{"start":{"line":5,"column":51},"end":{"line":5,"column":52}},"loc":{"start":{"line":5,"column":64},"end":{"line":7,"column":1}}}},"branchMap":{},"s":{"0":2,"1":2,"2":1,"3":2},"f":{"0":1},"b":{}}
,"C:\\Users\\Jose\\Documents\\movies-plus\\src\\components\\Back\\Back.tsx": {"path":"C:\\Users\\Jose\\Documents\\movies-plus\\src\\components\\Back\\Back.tsx","statementMap":{"0":{"start":{"line":2,"column":0},"end":{"line":2,"column":46}},"1":{"start":{"line":3,"column":0},"end":{"line":3,"column":46}},"2":{"start":{"line":5,"column":32},"end":{"line":21,"column":1}},"3":{"start":{"line":6,"column":19},"end":{"line":6,"column":32}},"4":{"start":{"line":8,"column":22},"end":{"line":10,"column":3}},"5":{"start":{"line":9,"column":4},"end":{"line":9,"column":null}},"6":{"start":{"line":12,"column":2},"end":{"line":20,"column":null}},"7":{"start":{"line":23,"column":0},"end":{"line":23,"column":null}}},"fnMap":{"0":{"name":"(anonymous_0)","decl":{"start":{"line":5,"column":32},"end":{"line":5,"column":35}},"loc":{"start":{"line":5,"column":37},"end":{"line":21,"column":1}}},"1":{"name":"(anonymous_1)","decl":{"start":{"line":8,"column":22},"end":{"line":8,"column":25}},"loc":{"start":{"line":8,"column":27},"end":{"line":10,"column":3}}}},"branchMap":{},"s":{"0":2,"1":2,"2":2,"3":2,"4":2,"5":1,"6":2,"7":2},"f":{"0":2,"1":1},"b":{}}
,"C:\\Users\\Jose\\Documents\\movies-plus\\src\\components\\Button\\Button.tsx": {"path":"C:\\Users\\Jose\\Documents\\movies-plus\\src\\components\\Button\\Button.tsx","statementMap":{"0":{"start":{"line":3,"column":0},"end":{"line":3,"column":22}},"1":{"start":{"line":6,"column":47},"end":{"line":16,"column":1}},"2":{"start":{"line":11,"column":2},"end":{"line":15,"column":null}},"3":{"start":{"line":18,"column":0},"end":{"line":18,"column":null}}},"fnMap":{"0":{"name":"(anonymous_0)","decl":{"start":{"line":6,"column":47},"end":{"line":6,"column":48}},"loc":{"start":{"line":10,"column":5},"end":{"line":16,"column":1}}}},"branchMap":{"0":{"loc":{"start":{"line":9,"column":2},"end":{"line":9,"column":17}},"type":"default-arg","locations":[{"start":{"line":9,"column":9},"end":{"line":9,"column":17}}]}},"s":{"0":2,"1":2,"2":6,"3":2},"f":{"0":6},"b":{"0":[3]}}
,"C:\\Users\\Jose\\Documents\\movies-plus\\src\\components\\CardBackdrop\\CardBackdrop.tsx": {"path":"C:\\Users\\Jose\\Documents\\movies-plus\\src\\components\\CardBackdrop\\CardBackdrop.tsx","statementMap":{"0":{"start":{"line":1,"column":0},"end":{"line":1,"column":35}},"1":{"start":{"line":5,"column":58},"end":{"line":19,"column":1}},"2":{"start":{"line":6,"column":2},"end":{"line":18,"column":null}},"3":{"start":{"line":21,"column":0},"end":{"line":21,"column":null}}},"fnMap":{"0":{"name":"(anonymous_0)","decl":{"start":{"line":5,"column":58},"end":{"line":5,"column":59}},"loc":{"start":{"line":5,"column":72},"end":{"line":19,"column":1}}}},"branchMap":{},"s":{"0":2,"1":2,"2":3,"3":2},"f":{"0":3},"b":{}}
,"C:\\Users\\Jose\\Documents\\movies-plus\\src\\components\\Categories\\Categories.tsx": {"path":"C:\\Users\\Jose\\Documents\\movies-plus\\src\\components\\Categories\\Categories.tsx","statementMap":{"0":{"start":{"line":2,"column":0},"end":{"line":2,"column":80}},"1":{"start":{"line":5,"column":68},"end":{"line":19,"column":1}},"2":{"start":{"line":8,"column":2},"end":{"line":18,"column":null}},"3":{"start":{"line":15,"column":8},"end":{"line":15,"column":62}},"4":{"start":{"line":21,"column":0},"end":{"line":21,"column":null}}},"fnMap":{"0":{"name":"(anonymous_1)","decl":{"start":{"line":5,"column":68},"end":{"line":5,"column":69}},"loc":{"start":{"line":7,"column":5},"end":{"line":19,"column":1}}},"1":{"name":"(anonymous_2)","decl":{"start":{"line":14,"column":22},"end":{"line":14,"column":23}},"loc":{"start":{"line":15,"column":8},"end":{"line":15,"column":62}}}},"branchMap":{"0":{"loc":{"start":{"line":6,"column":2},"end":{"line":6,"column":17}},"type":"default-arg","locations":[{"start":{"line":6,"column":15},"end":{"line":6,"column":17}}]}},"s":{"0":2,"1":2,"2":2,"3":2,"4":2},"f":{"0":2,"1":2},"b":{"0":[0]}}
,"C:\\Users\\Jose\\Documents\\movies-plus\\src\\components\\Categories\\components\\CategoriesItem\\CategoriesItem.tsx": {"path":"C:\\Users\\Jose\\Documents\\movies-plus\\src\\components\\Categories\\components\\CategoriesItem\\CategoriesItem.tsx","statementMap":{"0":{"start":{"line":3,"column":0},"end":{"line":3,"column":39}},"1":{"start":{"line":5,"column":60},"end":{"line":20,"column":1}},"2":{"start":{"line":8,"column":2},"end":{"line":19,"column":null}},"3":{"start":{"line":22,"column":0},"end":{"line":22,"column":null}}},"fnMap":{"0":{"name":"(anonymous_0)","decl":{"start":{"line":5,"column":60},"end":{"line":5,"column":61}},"loc":{"start":{"line":7,"column":5},"end":{"line":20,"column":1}}}},"branchMap":{},"s":{"0":3,"1":3,"2":3,"3":3},"f":{"0":3},"b":{}}
,"C:\\Users\\Jose\\Documents\\movies-plus\\src\\components\\Common\\PrivateRoute\\PrivateRoute.tsx": {"path":"C:\\Users\\Jose\\Documents\\movies-plus\\src\\components\\Common\\PrivateRoute\\PrivateRoute.tsx","statementMap":{"0":{"start":{"line":4,"column":0},"end":{"line":4,"column":41}},"1":{"start":{"line":5,"column":0},"end":{"line":5,"column":51}},"2":{"start":{"line":7,"column":0},"end":{"line":7,"column":55}},"3":{"start":{"line":8,"column":0},"end":{"line":8,"column":46}},"4":{"start":{"line":10,"column":43},"end":{"line":26,"column":1}},"5":{"start":{"line":11,"column":31},"end":{"line":11,"column":72}},"6":{"start":{"line":11,"column":61},"end":{"line":11,"column":71}},"7":{"start":{"line":13,"column":2},"end":{"line":15,"column":3}},"8":{"start":{"line":14,"column":4},"end":{"line":14,"column":null}},"9":{"start":{"line":17,"column":2},"end":{"line":19,"column":3}},"10":{"start":{"line":18,"column":4},"end":{"line":18,"column":null}},"11":{"start":{"line":20,"column":2},"end":{"line":25,"column":null}},"12":{"start":{"line":28,"column":0},"end":{"line":28,"column":null}}},"fnMap":{"0":{"name":"(anonymous_1)","decl":{"start":{"line":10,"column":43},"end":{"line":10,"column":44}},"loc":{"start":{"line":10,"column":71},"end":{"line":26,"column":1}}},"1":{"name":"(anonymous_2)","decl":{"start":{"line":11,"column":43},"end":{"line":11,"column":44}},"loc":{"start":{"line":11,"column":61},"end":{"line":11,"column":71}}}},"branchMap":{"0":{"loc":{"start":{"line":13,"column":2},"end":{"line":15,"column":3}},"type":"if","locations":[{"start":{"line":13,"column":2},"end":{"line":15,"column":3}}]},"1":{"loc":{"start":{"line":13,"column":6},"end":{"line":13,"column":65}},"type":"binary-expr","locations":[{"start":{"line":13,"column":6},"end":{"line":13,"column":42}},{"start":{"line":13,"column":46},"end":{"line":13,"column":65}}]},"2":{"loc":{"start":{"line":17,"column":2},"end":{"line":19,"column":3}},"type":"if","locations":[{"start":{"line":17,"column":2},"end":{"line":19,"column":3}}]},"3":{"loc":{"start":{"line":23,"column":7},"end":{"line":23,"column":39}},"type":"cond-expr","locations":[{"start":{"line":23,"column":18},"end":{"line":23,"column":26}},{"start":{"line":23,"column":29},"end":{"line":23,"column":39}}]}},"s":{"0":1,"1":1,"2":1,"3":1,"4":1,"5":2,"6":4,"7":2,"8":0,"9":2,"10":1,"11":1,"12":1},"f":{"0":2,"1":4},"b":{"0":[0],"1":[2,0],"2":[1],"3":[1,0]}}
,"C:\\Users\\Jose\\Documents\\movies-plus\\src\\components\\ContenCategory\\ContentCategory.tsx": {"path":"C:\\Users\\Jose\\Documents\\movies-plus\\src\\components\\ContenCategory\\ContentCategory.tsx","statementMap":{"0":{"start":{"line":1,"column":0},"end":{"line":1,"column":39}},"1":{"start":{"line":2,"column":0},"end":{"line":2,"column":65}},"2":{"start":{"line":4,"column":0},"end":{"line":4,"column":38}},"3":{"start":{"line":5,"column":0},"end":{"line":5,"column":55}},"4":{"start":{"line":7,"column":65},"end":{"line":33,"column":1}},"5":{"start":{"line":12,"column":38},"end":{"line":12,"column":50}},"6":{"start":{"line":14,"column":26},"end":{"line":16,"column":3}},"7":{"start":{"line":15,"column":4},"end":{"line":15,"column":null}},"8":{"start":{"line":18,"column":2},"end":{"line":23,"column":null}},"9":{"start":{"line":19,"column":16},"end":{"line":19,"column":70}},"10":{"start":{"line":25,"column":2},"end":{"line":32,"column":null}},"11":{"start":{"line":35,"column":0},"end":{"line":35,"column":null}}},"fnMap":{"0":{"name":"(anonymous_1)","decl":{"start":{"line":7,"column":65},"end":{"line":7,"column":66}},"loc":{"start":{"line":11,"column":5},"end":{"line":33,"column":1}}},"1":{"name":"(anonymous_2)","decl":{"start":{"line":14,"column":26},"end":{"line":14,"column":27}},"loc":{"start":{"line":14,"column":40},"end":{"line":16,"column":3}}},"2":{"name":"(anonymous_3)","decl":{"start":{"line":19,"column":4},"end":{"line":19,"column":9}},"loc":{"start":{"line":19,"column":16},"end":{"line":19,"column":70}}},"3":{"name":"(anonymous_4)","decl":{"start":{"line":21,"column":4},"end":{"line":21,"column":7}},"loc":{"start":{"line":21,"column":9},"end":{"line":21,"column":12}}}},"branchMap":{},"s":{"0":4,"1":4,"2":4,"3":4,"4":4,"5":8,"6":8,"7":3,"8":8,"9":3,"10":8,"11":4},"f":{"0":8,"1":3,"2":3,"3":3},"b":{}}
,"C:\\Users\\Jose\\Documents\\movies-plus\\src\\components\\ContenCategory\\components\\MovieCard\\MovieCard.tsx": {"path":"C:\\Users\\Jose\\Documents\\movies-plus\\src\\components\\ContenCategory\\components\\MovieCard\\MovieCard.tsx","statementMap":{"0":{"start":{"line":1,"column":0},"end":{"line":1,"column":35}},"1":{"start":{"line":4,"column":0},"end":{"line":4,"column":46}},"2":{"start":{"line":6,"column":55},"end":{"line":26,"column":1}},"3":{"start":{"line":7,"column":19},"end":{"line":7,"column":32}},"4":{"start":{"line":9,"column":22},"end":{"line":11,"column":3}},"5":{"start":{"line":10,"column":4},"end":{"line":10,"column":null}},"6":{"start":{"line":13,"column":2},"end":{"line":25,"column":null}},"7":{"start":{"line":28,"column":0},"end":{"line":28,"column":null}}},"fnMap":{"0":{"name":"(anonymous_0)","decl":{"start":{"line":6,"column":55},"end":{"line":6,"column":56}},"loc":{"start":{"line":6,"column":69},"end":{"line":26,"column":1}}},"1":{"name":"(anonymous_1)","decl":{"start":{"line":9,"column":22},"end":{"line":9,"column":25}},"loc":{"start":{"line":9,"column":27},"end":{"line":11,"column":3}}}},"branchMap":{},"s":{"0":6,"1":6,"2":6,"3":6,"4":6,"5":1,"6":6,"7":6},"f":{"0":6,"1":1},"b":{}}
,"C:\\Users\\Jose\\Documents\\movies-plus\\src\\components\\ContenCategory\\components\\MovieList\\MovieList.tsx": {"path":"C:\\Users\\Jose\\Documents\\movies-plus\\src\\components\\ContenCategory\\components\\MovieList\\MovieList.tsx","statementMap":{"0":{"start":{"line":1,"column":0},"end":{"line":1,"column":37}},"1":{"start":{"line":2,"column":0},"end":{"line":2,"column":79}},"2":{"start":{"line":3,"column":0},"end":{"line":3,"column":55}},"3":{"start":{"line":6,"column":58},"end":{"line":42,"column":1}},"4":{"start":{"line":7,"column":21},"end":{"line":7,"column":33}},"5":{"start":{"line":9,"column":21},"end":{"line":11,"column":3}},"6":{"start":{"line":10,"column":4},"end":{"line":10,"column":null}},"7":{"start":{"line":12,"column":20},"end":{"line":14,"column":3}},"8":{"start":{"line":13,"column":4},"end":{"line":13,"column":null}},"9":{"start":{"line":16,"column":2},"end":{"line":41,"column":null}},"10":{"start":{"line":19,"column":23},"end":{"line":19,"column":52}},"11":{"start":{"line":31,"column":10},"end":{"line":31,"column":61}},"12":{"start":{"line":35,"column":23},"end":{"line":35,"column":53}},"13":{"start":{"line":44,"column":0},"end":{"line":44,"column":null}}},"fnMap":{"0":{"name":"(anonymous_1)","decl":{"start":{"line":6,"column":58},"end":{"line":6,"column":59}},"loc":{"start":{"line":6,"column":73},"end":{"line":42,"column":1}}},"1":{"name":"(anonymous_2)","decl":{"start":{"line":9,"column":21},"end":{"line":9,"column":22}},"loc":{"start":{"line":9,"column":38},"end":{"line":11,"column":3}}},"2":{"name":"(anonymous_3)","decl":{"start":{"line":12,"column":20},"end":{"line":12,"column":21}},"loc":{"start":{"line":12,"column":37},"end":{"line":14,"column":3}}},"3":{"name":"(anonymous_4)","decl":{"start":{"line":19,"column":17},"end":{"line":19,"column":20}},"loc":{"start":{"line":19,"column":23},"end":{"line":19,"column":52}}},"4":{"name":"(anonymous_5)","decl":{"start":{"line":30,"column":20},"end":{"line":30,"column":21}},"loc":{"start":{"line":31,"column":10},"end":{"line":31,"column":61}}},"5":{"name":"(anonymous_6)","decl":{"start":{"line":35,"column":17},"end":{"line":35,"column":20}},"loc":{"start":{"line":35,"column":23},"end":{"line":35,"column":53}}}},"branchMap":{},"s":{"0":5,"1":5,"2":5,"3":5,"4":10,"5":10,"6":1,"7":10,"8":1,"9":10,"10":1,"11":4,"12":1,"13":5},"f":{"0":10,"1":1,"2":1,"3":1,"4":4,"5":1},"b":{}}
,"C:\\Users\\Jose\\Documents\\movies-plus\\src\\components\\Input\\Input.tsx": {"path":"C:\\Users\\Jose\\Documents\\movies-plus\\src\\components\\Input\\Input.tsx","statementMap":{"0":{"start":{"line":3,"column":0},"end":{"line":3,"column":21}},"1":{"start":{"line":6,"column":45},"end":{"line":35,"column":1}},"2":{"start":{"line":16,"column":2},"end":{"line":34,"column":null}},"3":{"start":{"line":37,"column":0},"end":{"line":37,"column":null}}},"fnMap":{"0":{"name":"(anonymous_0)","decl":{"start":{"line":6,"column":45},"end":{"line":6,"column":46}},"loc":{"start":{"line":15,"column":5},"end":{"line":35,"column":1}}}},"branchMap":{"0":{"loc":{"start":{"line":9,"column":2},"end":{"line":9,"column":26}},"type":"default-arg","locations":[{"start":{"line":9,"column":17},"end":{"line":9,"column":26}}]},"1":{"loc":{"start":{"line":14,"column":2},"end":{"line":14,"column":17}},"type":"default-arg","locations":[{"start":{"line":14,"column":12},"end":{"line":14,"column":17}}]},"2":{"loc":{"start":{"line":22,"column":49},"end":{"line":22,"column":95}},"type":"binary-expr","locations":[{"start":{"line":22,"column":49},"end":{"line":22,"column":56}},{"start":{"line":22,"column":60},"end":{"line":22,"column":95}}]},"3":{"loc":{"start":{"line":29,"column":9},"end":{"line":30,"column":null}},"type":"binary-expr","locations":[{"start":{"line":29,"column":9},"end":{"line":29,"column":16}},{"start":{"line":30,"column":10},"end":{"line":30,"column":72}}]}},"s":{"0":2,"1":2,"2":6,"3":2},"f":{"0":6},"b":{"0":[0],"1":[0],"2":[6,3],"3":[6,3]}}
,"C:\\Users\\Jose\\Documents\\movies-plus\\src\\components\\Loader\\Loader.tsx": {"path":"C:\\Users\\Jose\\Documents\\movies-plus\\src\\components\\Loader\\Loader.tsx","statementMap":{"0":{"start":{"line":3,"column":25},"end":{"line":16,"column":1}},"1":{"start":{"line":4,"column":2},"end":{"line":15,"column":null}},"2":{"start":{"line":18,"column":0},"end":{"line":18,"column":null}}},"fnMap":{"0":{"name":"(anonymous_0)","decl":{"start":{"line":3,"column":25},"end":{"line":3,"column":28}},"loc":{"start":{"line":3,"column":30},"end":{"line":16,"column":1}}}},"branchMap":{},"s":{"0":6,"1":2,"2":6},"f":{"0":2},"b":{}}
,"C:\\Users\\Jose\\Documents\\movies-plus\\src\\components\\NavBar\\NavBar.tsx": {"path":"C:\\Users\\Jose\\Documents\\movies-plus\\src\\components\\NavBar\\NavBar.tsx","statementMap":{"0":{"start":{"line":1,"column":0},"end":{"line":1,"column":39}},"1":{"start":{"line":3,"column":0},"end":{"line":3,"column":62}},"2":{"start":{"line":4,"column":0},"end":{"line":4,"column":71}},"3":{"start":{"line":5,"column":0},"end":{"line":5,"column":41}},"4":{"start":{"line":6,"column":0},"end":{"line":6,"column":41}},"5":{"start":{"line":7,"column":0},"end":{"line":7,"column":50}},"6":{"start":{"line":9,"column":34},"end":{"line":39,"column":1}},"7":{"start":{"line":10,"column":30},"end":{"line":10,"column":45}},"8":{"start":{"line":11,"column":19},"end":{"line":11,"column":32}},"9":{"start":{"line":13,"column":2},"end":{"line":38,"column":null}},"10":{"start":{"line":22,"column":23},"end":{"line":22,"column":41}},"11":{"start":{"line":33,"column":27},"end":{"line":33,"column":59}},"12":{"start":{"line":41,"column":0},"end":{"line":41,"column":null}}},"fnMap":{"0":{"name":"(anonymous_1)","decl":{"start":{"line":9,"column":34},"end":{"line":9,"column":37}},"loc":{"start":{"line":9,"column":39},"end":{"line":39,"column":1}}},"1":{"name":"(anonymous_2)","decl":{"start":{"line":22,"column":17},"end":{"line":22,"column":20}},"loc":{"start":{"line":22,"column":23},"end":{"line":22,"column":41}}},"2":{"name":"(anonymous_3)","decl":{"start":{"line":33,"column":21},"end":{"line":33,"column":24}},"loc":{"start":{"line":33,"column":27},"end":{"line":33,"column":59}}}},"branchMap":{"0":{"loc":{"start":{"line":24,"column":7},"end":{"line":35,"column":null}},"type":"binary-expr","locations":[{"start":{"line":24,"column":7},"end":{"line":24,"column":13}},{"start":{"line":25,"column":8},"end":{"line":34,"column":null}}]}},"s":{"0":1,"1":1,"2":1,"3":1,"4":1,"5":1,"6":1,"7":1,"8":1,"9":1,"10":0,"11":0,"12":1},"f":{"0":1,"1":0,"2":0},"b":{"0":[1,0]}}
,"C:\\Users\\Jose\\Documents\\movies-plus\\src\\components\\NavBar\\components\\NavLinkItem\\NavLinkItem.tsx": {"path":"C:\\Users\\Jose\\Documents\\movies-plus\\src\\components\\NavBar\\components\\NavLinkItem\\NavLinkItem.tsx","statementMap":{"0":{"start":{"line":3,"column":0},"end":{"line":3,"column":39}},"1":{"start":{"line":5,"column":57},"end":{"line":36,"column":1}},"2":{"start":{"line":11,"column":2},"end":{"line":35,"column":null}},"3":{"start":{"line":38,"column":0},"end":{"line":38,"column":null}}},"fnMap":{"0":{"name":"(anonymous_0)","decl":{"start":{"line":5,"column":57},"end":{"line":5,"column":58}},"loc":{"start":{"line":10,"column":5},"end":{"line":36,"column":1}}}},"branchMap":{"0":{"loc":{"start":{"line":13,"column":7},"end":{"line":32,"column":null}},"type":"cond-expr","locations":[{"start":{"line":14,"column":8},"end":{"line":21,"column":null}},{"start":{"line":24,"column":8},"end":{"line":31,"column":null}}]}},"s":{"0":1,"1":1,"2":2,"3":1},"f":{"0":2},"b":{"0":[0,2]}}
,"C:\\Users\\Jose\\Documents\\movies-plus\\src\\components\\NavBar\\components\\NavLinks\\Navlinks.tsx": {"path":"C:\\Users\\Jose\\Documents\\movies-plus\\src\\components\\NavBar\\components\\NavLinks\\Navlinks.tsx","statementMap":{"0":{"start":{"line":3,"column":0},"end":{"line":3,"column":40}},"1":{"start":{"line":4,"column":0},"end":{"line":4,"column":61}},"2":{"start":{"line":6,"column":36},"end":{"line":42,"column":1}},"3":{"start":{"line":7,"column":15},"end":{"line":13,"column":null}},"4":{"start":{"line":15,"column":2},"end":{"line":41,"column":null}},"5":{"start":{"line":19,"column":10},"end":{"line":23,"column":null}},"6":{"start":{"line":30,"column":12},"end":{"line":36,"column":null}},"7":{"start":{"line":44,"column":0},"end":{"line":44,"column":null}}},"fnMap":{"0":{"name":"(anonymous_1)","decl":{"start":{"line":6,"column":36},"end":{"line":6,"column":39}},"loc":{"start":{"line":6,"column":41},"end":{"line":42,"column":1}}},"1":{"name":"(anonymous_2)","decl":{"start":{"line":18,"column":18},"end":{"line":18,"column":19}},"loc":{"start":{"line":19,"column":10},"end":{"line":23,"column":null}}},"2":{"name":"(anonymous_3)","decl":{"start":{"line":29,"column":10},"end":{"line":29,"column":11}},"loc":{"start":{"line":30,"column":12},"end":{"line":36,"column":null}}}},"branchMap":{"0":{"loc":{"start":{"line":30,"column":12},"end":{"line":36,"column":null}},"type":"binary-expr","locations":[{"start":{"line":30,"column":12},"end":{"line":30,"column":21}},{"start":{"line":31,"column":14},"end":{"line":35,"column":null}}]}},"s":{"0":1,"1":1,"2":1,"3":1,"4":1,"5":1,"6":1,"7":1},"f":{"0":1,"1":1,"2":1},"b":{"0":[1,1]}}
,"C:\\Users\\Jose\\Documents\\movies-plus\\src\\components\\Slider\\Slider.tsx": {"path":"C:\\Users\\Jose\\Documents\\movies-plus\\src\\components\\Slider\\Slider.tsx","statementMap":{"0":{"start":{"line":1,"column":0},"end":{"line":1,"column":37}},"1":{"start":{"line":3,"column":0},"end":{"line":3,"column":63}},"2":{"start":{"line":4,"column":0},"end":{"line":4,"column":57}},"3":{"start":{"line":7,"column":60},"end":{"line":43,"column":1}},"4":{"start":{"line":8,"column":21},"end":{"line":8,"column":33}},"5":{"start":{"line":10,"column":22},"end":{"line":12,"column":3}},"6":{"start":{"line":11,"column":4},"end":{"line":11,"column":null}},"7":{"start":{"line":13,"column":21},"end":{"line":15,"column":3}},"8":{"start":{"line":14,"column":4},"end":{"line":14,"column":null}},"9":{"start":{"line":17,"column":2},"end":{"line":42,"column":null}},"10":{"start":{"line":22,"column":23},"end":{"line":22,"column":53}},"11":{"start":{"line":28,"column":23},"end":{"line":28,"column":54}},"12":{"start":{"line":38,"column":10},"end":{"line":38,"column":59}},"13":{"start":{"line":45,"column":0},"end":{"line":45,"column":null}}},"fnMap":{"0":{"name":"(anonymous_1)","decl":{"start":{"line":7,"column":60},"end":{"line":7,"column":61}},"loc":{"start":{"line":7,"column":75},"end":{"line":43,"column":1}}},"1":{"name":"(anonymous_2)","decl":{"start":{"line":10,"column":22},"end":{"line":10,"column":23}},"loc":{"start":{"line":10,"column":39},"end":{"line":12,"column":3}}},"2":{"name":"(anonymous_3)","decl":{"start":{"line":13,"column":21},"end":{"line":13,"column":22}},"loc":{"start":{"line":13,"column":38},"end":{"line":15,"column":3}}},"3":{"name":"(anonymous_4)","decl":{"start":{"line":22,"column":17},"end":{"line":22,"column":20}},"loc":{"start":{"line":22,"column":23},"end":{"line":22,"column":53}}},"4":{"name":"(anonymous_5)","decl":{"start":{"line":28,"column":17},"end":{"line":28,"column":20}},"loc":{"start":{"line":28,"column":23},"end":{"line":28,"column":54}}},"5":{"name":"(anonymous_6)","decl":{"start":{"line":37,"column":20},"end":{"line":37,"column":21}},"loc":{"start":{"line":38,"column":10},"end":{"line":38,"column":59}}}},"branchMap":{},"s":{"0":2,"1":2,"2":2,"3":2,"4":4,"5":4,"6":1,"7":4,"8":1,"9":4,"10":1,"11":1,"12":6,"13":2},"f":{"0":4,"1":1,"2":1,"3":1,"4":1,"5":6},"b":{}}
,"C:\\Users\\Jose\\Documents\\movies-plus\\src\\components\\Slider\\SliderItem\\SliderItem.tsx": {"path":"C:\\Users\\Jose\\Documents\\movies-plus\\src\\components\\Slider\\SliderItem\\SliderItem.tsx","statementMap":{"0":{"start":{"line":1,"column":0},"end":{"line":1,"column":35}},"1":{"start":{"line":5,"column":56},"end":{"line":16,"column":1}},"2":{"start":{"line":6,"column":2},"end":{"line":15,"column":null}},"3":{"start":{"line":18,"column":0},"end":{"line":18,"column":null}}},"fnMap":{"0":{"name":"(anonymous_0)","decl":{"start":{"line":5,"column":56},"end":{"line":5,"column":57}},"loc":{"start":{"line":5,"column":70},"end":{"line":16,"column":1}}}},"branchMap":{},"s":{"0":3,"1":3,"2":8,"3":3},"f":{"0":8},"b":{}}
,"C:\\Users\\Jose\\Documents\\movies-plus\\src\\pages\\ContentDetail\\ContentDetail.tsx": {"path":"C:\\Users\\Jose\\Documents\\movies-plus\\src\\pages\\ContentDetail\\ContentDetail.tsx","statementMap":{"0":{"start":{"line":1,"column":0},"end":{"line":1,"column":38}},"1":{"start":{"line":2,"column":0},"end":{"line":2,"column":55}},"2":{"start":{"line":3,"column":0},"end":{"line":3,"column":39}},"3":{"start":{"line":4,"column":0},"end":{"line":4,"column":44}},"4":{"start":{"line":6,"column":0},"end":{"line":6,"column":72}},"5":{"start":{"line":7,"column":0},"end":{"line":7,"column":35}},"6":{"start":{"line":8,"column":0},"end":{"line":8,"column":46}},"7":{"start":{"line":9,"column":0},"end":{"line":9,"column":59}},"8":{"start":{"line":10,"column":0},"end":{"line":10,"column":81}},"9":{"start":{"line":11,"column":0},"end":{"line":11,"column":49}},"10":{"start":{"line":13,"column":41},"end":{"line":69,"column":1}},"11":{"start":{"line":14,"column":28},"end":{"line":14,"column":55}},"12":{"start":{"line":15,"column":17},"end":{"line":15,"column":28}},"13":{"start":{"line":17,"column":27},"end":{"line":19,"column":3}},"14":{"start":{"line":18,"column":4},"end":{"line":18,"column":null}},"15":{"start":{"line":21,"column":22},"end":{"line":25,"column":null}},"16":{"start":{"line":22,"column":16},"end":{"line":22,"column":60}},"17":{"start":{"line":28,"column":2},"end":{"line":68,"column":null}},"18":{"start":{"line":71,"column":0},"end":{"line":71,"column":null}}},"fnMap":{"0":{"name":"(anonymous_1)","decl":{"start":{"line":13,"column":41},"end":{"line":13,"column":44}},"loc":{"start":{"line":13,"column":46},"end":{"line":69,"column":1}}},"1":{"name":"(anonymous_2)","decl":{"start":{"line":17,"column":27},"end":{"line":17,"column":28}},"loc":{"start":{"line":17,"column":41},"end":{"line":19,"column":3}}},"2":{"name":"(anonymous_3)","decl":{"start":{"line":22,"column":4},"end":{"line":22,"column":9}},"loc":{"start":{"line":22,"column":16},"end":{"line":22,"column":60}}},"3":{"name":"(anonymous_4)","decl":{"start":{"line":24,"column":4},"end":{"line":24,"column":7}},"loc":{"start":{"line":24,"column":9},"end":{"line":24,"column":12}}}},"branchMap":{"0":{"loc":{"start":{"line":30,"column":7},"end":{"line":30,"column":28}},"type":"binary-expr","locations":[{"start":{"line":30,"column":7},"end":{"line":30,"column":14}},{"start":{"line":30,"column":18},"end":{"line":30,"column":28}}]}},"s":{"0":1,"1":1,"2":1,"3":1,"4":1,"5":1,"6":1,"7":1,"8":1,"9":1,"10":1,"11":1,"12":1,"13":1,"14":0,"15":1,"16":0,"17":1,"18":1},"f":{"0":1,"1":0,"2":0,"3":0},"b":{"0":[1,0]}}
,"C:\\Users\\Jose\\Documents\\movies-plus\\src\\pages\\ContentDetail\\components\\DetailMovie.tsx": {"path":"C:\\Users\\Jose\\Documents\\movies-plus\\src\\pages\\ContentDetail\\components\\DetailMovie.tsx","statementMap":{"0":{"start":{"line":2,"column":0},"end":{"line":2,"column":69}},"1":{"start":{"line":5,"column":63},"end":{"line":53,"column":1}},"2":{"start":{"line":6,"column":2},"end":{"line":52,"column":null}},"3":{"start":{"line":20,"column":14},"end":{"line":20,"column":null}},"4":{"start":{"line":44,"column":14},"end":{"line":44,"column":null}},"5":{"start":{"line":55,"column":0},"end":{"line":55,"column":null}}},"fnMap":{"0":{"name":"(anonymous_0)","decl":{"start":{"line":5,"column":63},"end":{"line":5,"column":64}},"loc":{"start":{"line":5,"column":77},"end":{"line":53,"column":1}}},"1":{"name":"(anonymous_1)","decl":{"start":{"line":19,"column":45},"end":{"line":19,"column":46}},"loc":{"start":{"line":20,"column":14},"end":{"line":20,"column":null}}},"2":{"name":"(anonymous_2)","decl":{"start":{"line":43,"column":31},"end":{"line":43,"column":32}},"loc":{"start":{"line":44,"column":14},"end":{"line":44,"column":null}}}},"branchMap":{"0":{"loc":{"start":{"line":18,"column":11},"end":{"line":24,"column":14}},"type":"binary-expr","locations":[{"start":{"line":18,"column":11},"end":{"line":18,"column":16}},{"start":{"line":19,"column":12},"end":{"line":24,"column":14}}]},"1":{"loc":{"start":{"line":22,"column":17},"end":{"line":22,"column":70}},"type":"binary-expr","locations":[{"start":{"line":22,"column":17},"end":{"line":22,"column":62}},{"start":{"line":22,"column":66},"end":{"line":22,"column":70}}]},"2":{"loc":{"start":{"line":42,"column":11},"end":{"line":48,"column":14}},"type":"binary-expr","locations":[{"start":{"line":42,"column":11},"end":{"line":42,"column":16}},{"start":{"line":43,"column":12},"end":{"line":48,"column":14}}]},"3":{"loc":{"start":{"line":46,"column":17},"end":{"line":46,"column":56}},"type":"binary-expr","locations":[{"start":{"line":46,"column":17},"end":{"line":46,"column":48}},{"start":{"line":46,"column":52},"end":{"line":46,"column":56}}]}},"s":{"0":2,"1":2,"2":2,"3":1,"4":2,"5":2},"f":{"0":2,"1":1,"2":2},"b":{"0":[2,2],"1":[1,0],"2":[2,2],"3":[2,1]}}
,"C:\\Users\\Jose\\Documents\\movies-plus\\src\\pages\\Home\\Home.tsx": {"path":"C:\\Users\\Jose\\Documents\\movies-plus\\src\\pages\\Home\\Home.tsx","statementMap":{"0":{"start":{"line":1,"column":0},"end":{"line":1,"column":55}},"1":{"start":{"line":2,"column":0},"end":{"line":2,"column":39}},"2":{"start":{"line":4,"column":0},"end":{"line":4,"column":67}},"3":{"start":{"line":5,"column":0},"end":{"line":5,"column":55}},"4":{"start":{"line":6,"column":0},"end":{"line":6,"column":38}},"5":{"start":{"line":7,"column":0},"end":{"line":7,"column":60}},"6":{"start":{"line":8,"column":0},"end":{"line":8,"column":54}},"7":{"start":{"line":9,"column":0},"end":{"line":9,"column":46}},"8":{"start":{"line":10,"column":0},"end":{"line":10,"column":81}},"9":{"start":{"line":13,"column":23},"end":{"line":60,"column":1}},"10":{"start":{"line":14,"column":46},"end":{"line":14,"column":58}},"11":{"start":{"line":15,"column":36},"end":{"line":15,"column":59}},"12":{"start":{"line":17,"column":30},"end":{"line":23,"column":3}},"13":{"start":{"line":18,"column":4},"end":{"line":22,"column":null}},"14":{"start":{"line":20,"column":33},"end":{"line":20,"column":58}},"15":{"start":{"line":25,"column":25},"end":{"line":29,"column":3}},"16":{"start":{"line":26,"column":4},"end":{"line":28,"column":null}},"17":{"start":{"line":27,"column":42},"end":{"line":27,"column":61}},"18":{"start":{"line":31,"column":22},"end":{"line":34,"column":null}},"19":{"start":{"line":37,"column":35},"end":{"line":40,"column":null}},"20":{"start":{"line":43,"column":2},"end":{"line":59,"column":null}},"21":{"start":{"line":49,"column":8},"end":{"line":55,"column":null}},"22":{"start":{"line":62,"column":0},"end":{"line":62,"column":null}}},"fnMap":{"0":{"name":"(anonymous_1)","decl":{"start":{"line":13,"column":23},"end":{"line":13,"column":26}},"loc":{"start":{"line":13,"column":28},"end":{"line":60,"column":1}}},"1":{"name":"(anonymous_2)","decl":{"start":{"line":17,"column":30},"end":{"line":17,"column":31}},"loc":{"start":{"line":17,"column":44},"end":{"line":23,"column":3}}},"2":{"name":"(anonymous_3)","decl":{"start":{"line":20,"column":13},"end":{"line":20,"column":14}},"loc":{"start":{"line":20,"column":33},"end":{"line":20,"column":58}}},"3":{"name":"(anonymous_4)","decl":{"start":{"line":25,"column":25},"end":{"line":25,"column":26}},"loc":{"start":{"line":25,"column":39},"end":{"line":29,"column":3}}},"4":{"name":"(anonymous_5)","decl":{"start":{"line":27,"column":22},"end":{"line":27,"column":23}},"loc":{"start":{"line":27,"column":42},"end":{"line":27,"column":61}}},"5":{"name":"(anonymous_6)","decl":{"start":{"line":34,"column":4},"end":{"line":34,"column":7}},"loc":{"start":{"line":34,"column":9},"end":{"line":34,"column":12}}},"6":{"name":"(anonymous_7)","decl":{"start":{"line":40,"column":4},"end":{"line":40,"column":7}},"loc":{"start":{"line":40,"column":9},"end":{"line":40,"column":12}}},"7":{"name":"(anonymous_8)","decl":{"start":{"line":48,"column":21},"end":{"line":48,"column":22}},"loc":{"start":{"line":49,"column":8},"end":{"line":55,"column":null}}}},"branchMap":{"0":{"loc":{"start":{"line":45,"column":7},"end":{"line":45,"column":45}},"type":"binary-expr","locations":[{"start":{"line":45,"column":8},"end":{"line":45,"column":15}},{"start":{"line":45,"column":19},"end":{"line":45,"column":30}},{"start":{"line":45,"column":35},"end":{"line":45,"column":45}}]}},"s":{"0":1,"1":1,"2":1,"3":1,"4":1,"5":1,"6":1,"7":1,"8":1,"9":1,"10":1,"11":1,"12":1,"13":0,"14":0,"15":1,"16":0,"17":0,"18":1,"19":1,"20":1,"21":0,"22":1},"f":{"0":1,"1":0,"2":0,"3":0,"4":0,"5":0,"6":0,"7":0},"b":{"0":[1,1,0]}}
,"C:\\Users\\Jose\\Documents\\movies-plus\\src\\pages\\Login\\Login.tsx": {"path":"C:\\Users\\Jose\\Documents\\movies-plus\\src\\pages\\Login\\Login.tsx","statementMap":{"0":{"start":{"line":1,"column":0},"end":{"line":1,"column":69}},"1":{"start":{"line":3,"column":0},"end":{"line":3,"column":21}},"2":{"start":{"line":5,"column":0},"end":{"line":5,"column":52}},"3":{"start":{"line":6,"column":0},"end":{"line":6,"column":55}},"4":{"start":{"line":7,"column":0},"end":{"line":7,"column":48}},"5":{"start":{"line":8,"column":0},"end":{"line":8,"column":54}},"6":{"start":{"line":9,"column":0},"end":{"line":9,"column":49}},"7":{"start":{"line":10,"column":0},"end":{"line":10,"column":58}},"8":{"start":{"line":12,"column":0},"end":{"line":12,"column":52}},"9":{"start":{"line":13,"column":0},"end":{"line":13,"column":53}},"10":{"start":{"line":14,"column":0},"end":{"line":14,"column":46}},"11":{"start":{"line":16,"column":33},"end":{"line":101,"column":1}},"12":{"start":{"line":17,"column":19},"end":{"line":17,"column":32}},"13":{"start":{"line":18,"column":31},"end":{"line":18,"column":70}},"14":{"start":{"line":18,"column":59},"end":{"line":18,"column":69}},"15":{"start":{"line":20,"column":2},"end":{"line":24,"column":null}},"16":{"start":{"line":21,"column":4},"end":{"line":23,"column":5}},"17":{"start":{"line":22,"column":6},"end":{"line":22,"column":null}},"18":{"start":{"line":26,"column":16},"end":{"line":29,"column":null}},"19":{"start":{"line":31,"column":19},"end":{"line":34,"column":null}},"20":{"start":{"line":37,"column":58},"end":{"line":53,"column":3}},"21":{"start":{"line":40,"column":4},"end":{"line":40,"column":null}},"22":{"start":{"line":41,"column":28},"end":{"line":41,"column":49}},"23":{"start":{"line":42,"column":31},"end":{"line":42,"column":55}},"24":{"start":{"line":44,"column":4},"end":{"line":46,"column":5}},"25":{"start":{"line":45,"column":6},"end":{"line":45,"column":12}},"26":{"start":{"line":47,"column":4},"end":{"line":52,"column":null}},"27":{"start":{"line":55,"column":2},"end":{"line":57,"column":3}},"28":{"start":{"line":56,"column":4},"end":{"line":56,"column":null}},"29":{"start":{"line":59,"column":2},"end":{"line":100,"column":null}},"30":{"start":{"line":103,"column":0},"end":{"line":103,"column":null}}},"fnMap":{"0":{"name":"(anonymous_1)","decl":{"start":{"line":16,"column":33},"end":{"line":16,"column":36}},"loc":{"start":{"line":16,"column":38},"end":{"line":101,"column":1}}},"1":{"name":"(anonymous_2)","decl":{"start":{"line":18,"column":43},"end":{"line":18,"column":44}},"loc":{"start":{"line":18,"column":59},"end":{"line":18,"column":69}}},"2":{"name":"(anonymous_3)","decl":{"start":{"line":20,"column":12},"end":{"line":20,"column":15}},"loc":{"start":{"line":20,"column":17},"end":{"line":24,"column":3}}},"3":{"name":"(anonymous_4)","decl":{"start":{"line":37,"column":58},"end":{"line":37,"column":null}},"loc":{"start":{"line":39,"column":6},"end":{"line":53,"column":3}}}},"branchMap":{"0":{"loc":{"start":{"line":21,"column":4},"end":{"line":23,"column":5}},"type":"if","locations":[{"start":{"line":21,"column":4},"end":{"line":23,"column":5}}]},"1":{"loc":{"start":{"line":44,"column":4},"end":{"line":46,"column":5}},"type":"if","locations":[{"start":{"line":44,"column":4},"end":{"line":46,"column":5}}]},"2":{"loc":{"start":{"line":44,"column":8},"end":{"line":44,"column":47}},"type":"binary-expr","locations":[{"start":{"line":44,"column":8},"end":{"line":44,"column":24}},{"start":{"line":44,"column":28},"end":{"line":44,"column":47}}]},"3":{"loc":{"start":{"line":55,"column":2},"end":{"line":57,"column":3}},"type":"if","locations":[{"start":{"line":55,"column":2},"end":{"line":57,"column":3}}]},"4":{"loc":{"start":{"line":61,"column":7},"end":{"line":61,"column":59}},"type":"binary-expr","locations":[{"start":{"line":61,"column":7},"end":{"line":61,"column":24}},{"start":{"line":61,"column":28},"end":{"line":61,"column":59}}]},"5":{"loc":{"start":{"line":70,"column":13},"end":{"line":71,"column":null}},"type":"binary-expr","locations":[{"start":{"line":70,"column":13},"end":{"line":70,"column":30}},{"start":{"line":71,"column":14},"end":{"line":71,"column":61}}]},"6":{"loc":{"start":{"line":71,"column":36},"end":{"line":71,"column":57}},"type":"binary-expr","locations":[{"start":{"line":71,"column":36},"end":{"line":71,"column":51}},{"start":{"line":71,"column":55},"end":{"line":71,"column":57}}]}},"s":{"0":1,"1":1,"2":1,"3":1,"4":1,"5":1,"6":1,"7":1,"8":1,"9":1,"10":1,"11":1,"12":2,"13":2,"14":3,"15":2,"16":1,"17":0,"18":2,"19":2,"20":2,"21":1,"22":1,"23":1,"24":1,"25":1,"26":0,"27":2,"28":0,"29":2,"30":1},"f":{"0":2,"1":3,"2":1,"3":1},"b":{"0":[0],"1":[1],"2":[1,0],"3":[0],"4":[2,0],"5":[2,0],"6":[0,0]}}
,"C:\\Users\\Jose\\Documents\\movies-plus\\src\\pages\\MovieByGenre\\MovieByGenre.tsx": {"path":"C:\\Users\\Jose\\Documents\\movies-plus\\src\\pages\\MovieByGenre\\MovieByGenre.tsx","statementMap":{"0":{"start":{"line":1,"column":0},"end":{"line":1,"column":60}},"1":{"start":{"line":2,"column":0},"end":{"line":2,"column":73}},"2":{"start":{"line":3,"column":0},"end":{"line":3,"column":81}},"3":{"start":{"line":4,"column":0},"end":{"line":4,"column":46}},"4":{"start":{"line":5,"column":0},"end":{"line":5,"column":38}},"5":{"start":{"line":7,"column":0},"end":{"line":7,"column":55}},"6":{"start":{"line":8,"column":0},"end":{"line":8,"column":39}},"7":{"start":{"line":9,"column":0},"end":{"line":9,"column":44}},"8":{"start":{"line":11,"column":40},"end":{"line":60,"column":1}},"9":{"start":{"line":12,"column":17},"end":{"line":12,"column":28}},"10":{"start":{"line":13,"column":40},"end":{"line":13,"column":61}},"11":{"start":{"line":15,"column":27},"end":{"line":17,"column":3}},"12":{"start":{"line":16,"column":4},"end":{"line":16,"column":null}},"13":{"start":{"line":19,"column":22},"end":{"line":22,"column":null}},"14":{"start":{"line":20,"column":16},"end":{"line":20,"column":64}},"15":{"start":{"line":25,"column":2},"end":{"line":59,"column":null}},"16":{"start":{"line":62,"column":0},"end":{"line":62,"column":null}}},"fnMap":{"0":{"name":"(anonymous_1)","decl":{"start":{"line":11,"column":40},"end":{"line":11,"column":43}},"loc":{"start":{"line":11,"column":45},"end":{"line":60,"column":1}}},"1":{"name":"(anonymous_2)","decl":{"start":{"line":15,"column":27},"end":{"line":15,"column":28}},"loc":{"start":{"line":15,"column":41},"end":{"line":17,"column":3}}},"2":{"name":"(anonymous_3)","decl":{"start":{"line":20,"column":4},"end":{"line":20,"column":9}},"loc":{"start":{"line":20,"column":16},"end":{"line":20,"column":64}}},"3":{"name":"(anonymous_4)","decl":{"start":{"line":22,"column":4},"end":{"line":22,"column":7}},"loc":{"start":{"line":22,"column":9},"end":{"line":22,"column":12}}}},"branchMap":{"0":{"loc":{"start":{"line":27,"column":7},"end":{"line":27,"column":28}},"type":"binary-expr","locations":[{"start":{"line":27,"column":7},"end":{"line":27,"column":14}},{"start":{"line":27,"column":18},"end":{"line":27,"column":28}}]}},"s":{"0":1,"1":1,"2":1,"3":1,"4":1,"5":1,"6":1,"7":1,"8":1,"9":2,"10":2,"11":2,"12":1,"13":2,"14":1,"15":2,"16":1},"f":{"0":2,"1":1,"2":1,"3":1},"b":{"0":[2,1]}}
}
