TN:
SF:src\components\Alert\Alert.tsx
FN:5,(anonymous_0)
FNF:1
FNH:1
FNDA:1,(anonymous_0)
DA:3,1
DA:5,1
DA:6,1
DA:9,1
LF:4
LH:4
BRF:0
BRH:0
end_of_record
TN:
SF:src\components\Back\Back.tsx
FN:5,(anonymous_0)
FN:8,(anonymous_1)
FNF:2
FNH:2
FNDA:1,(anonymous_0)
FNDA:1,(anonymous_1)
DA:2,1
DA:3,1
DA:5,1
DA:6,1
DA:8,1
DA:9,1
DA:12,1
DA:23,1
LF:8
LH:8
BRF:0
BRH:0
end_of_record
TN:
SF:src\components\Button\Button.tsx
FN:6,(anonymous_0)
FNF:1
FNH:1
FNDA:4,(anonymous_0)
DA:3,1
DA:6,1
DA:11,4
DA:18,1
LF:4
LH:4
BRDA:9,0,0,3
BRF:1
BRH:1
end_of_record
TN:
SF:src\components\CardBackdrop\CardBackdrop.tsx
FN:5,(anonymous_0)
FNF:1
FNH:1
FNDA:1,(anonymous_0)
DA:1,1
DA:5,1
DA:6,1
DA:21,1
LF:4
LH:4
BRF:0
BRH:0
end_of_record
TN:
SF:src\components\Categories\Categories.tsx
FN:5,(anonymous_1)
FN:14,(anonymous_2)
FNF:2
FNH:2
FNDA:1,(anonymous_1)
FNDA:2,(anonymous_2)
DA:2,1
DA:5,1
DA:8,1
DA:15,2
DA:21,1
LF:5
LH:5
BRDA:6,0,0,0
BRF:1
BRH:0
end_of_record
TN:
SF:src\components\Categories\components\CategoriesItem\CategoriesItem.tsx
FN:5,(anonymous_0)
FNF:1
FNH:1
FNDA:3,(anonymous_0)
DA:3,2
DA:5,2
DA:8,3
DA:22,2
LF:4
LH:4
BRF:0
BRH:0
end_of_record
TN:
SF:src\components\Common\PrivateRoute\PrivateRoute.tsx
FN:10,(anonymous_1)
FN:11,(anonymous_2)
FNF:2
FNH:2
FNDA:2,(anonymous_1)
FNDA:4,(anonymous_2)
DA:4,1
DA:5,1
DA:7,1
DA:8,1
DA:10,1
DA:11,4
DA:13,2
DA:14,0
DA:17,2
DA:18,1
DA:20,1
DA:28,1
LF:12
LH:11
BRDA:13,0,0,0
BRDA:13,1,0,2
BRDA:13,1,1,0
BRDA:17,2,0,1
BRDA:23,3,0,1
BRDA:23,3,1,0
BRF:6
BRH:3
end_of_record
TN:
SF:src\components\ContenCategory\ContentCategory.tsx
FN:7,(anonymous_1)
FN:14,(anonymous_2)
FN:19,(anonymous_3)
FN:21,(anonymous_4)
FNF:4
FNH:1
FNDA:1,(anonymous_1)
FNDA:0,(anonymous_2)
FNDA:0,(anonymous_3)
FNDA:0,(anonymous_4)
DA:1,1
DA:2,1
DA:4,1
DA:5,1
DA:7,1
DA:12,1
DA:14,1
DA:15,0
DA:18,1
DA:19,0
DA:25,1
DA:35,1
LF:12
LH:10
BRF:0
BRH:0
end_of_record
TN:
SF:src\components\ContenCategory\components\MovieCard\MovieCard.tsx
FN:6,(anonymous_0)
FN:9,(anonymous_1)
FNF:2
FNH:2
FNDA:6,(anonymous_0)
FNDA:1,(anonymous_1)
DA:1,3
DA:4,3
DA:6,3
DA:7,6
DA:9,6
DA:10,1
DA:13,6
DA:28,3
LF:8
LH:8
BRF:0
BRH:0
end_of_record
TN:
SF:src\components\ContenCategory\components\MovieList\MovieList.tsx
FN:6,(anonymous_1)
FN:9,(anonymous_2)
FN:12,(anonymous_3)
FN:19,(anonymous_4)
FN:30,(anonymous_5)
FN:35,(anonymous_6)
FNF:6
FNH:6
FNDA:3,(anonymous_1)
FNDA:1,(anonymous_2)
FNDA:1,(anonymous_3)
FNDA:1,(anonymous_4)
FNDA:4,(anonymous_5)
FNDA:1,(anonymous_6)
DA:1,2
DA:2,2
DA:3,2
DA:6,2
DA:7,3
DA:9,3
DA:10,1
DA:12,3
DA:13,1
DA:16,3
DA:19,1
DA:31,4
DA:35,1
DA:44,2
LF:14
LH:14
BRF:0
BRH:0
end_of_record
TN:
SF:src\components\Input\Input.tsx
FN:6,(anonymous_0)
FNF:1
FNH:1
FNDA:2,(anonymous_0)
DA:3,1
DA:6,1
DA:16,2
DA:37,1
LF:4
LH:4
BRDA:9,0,0,0
BRDA:14,1,0,0
BRDA:22,2,0,2
BRDA:22,2,1,1
BRDA:29,3,0,2
BRDA:29,3,1,1
BRF:6
BRH:4
end_of_record
TN:
SF:src\components\Loader\Loader.tsx
FN:3,(anonymous_0)
FNF:1
FNH:1
FNDA:1,(anonymous_0)
DA:3,2
DA:4,1
DA:15,2
LF:3
LH:3
BRF:0
BRH:0
end_of_record
TN:
SF:src\components\NavBar\NavBar.tsx
FN:9,(anonymous_1)
FN:22,(anonymous_2)
FN:33,(anonymous_3)
FNF:3
FNH:1
FNDA:1,(anonymous_1)
FNDA:0,(anonymous_2)
FNDA:0,(anonymous_3)
DA:1,1
DA:3,1
DA:4,1
DA:5,1
DA:6,1
DA:7,1
DA:9,1
DA:10,1
DA:11,1
DA:13,1
DA:22,0
DA:33,0
DA:41,1
LF:13
LH:11
BRDA:24,0,0,1
BRDA:24,0,1,0
BRF:2
BRH:1
end_of_record
TN:
SF:src\components\NavBar\components\NavLinkItem\NavLinkItem.tsx
FN:5,(anonymous_0)
FNF:1
FNH:1
FNDA:8,(anonymous_0)
DA:3,1
DA:5,1
DA:11,8
DA:38,1
LF:4
LH:4
BRDA:13,0,0,0
BRDA:13,0,1,8
BRF:2
BRH:1
end_of_record
TN:
SF:src\components\NavBar\components\NavLinks\Navlinks.tsx
FN:7,(anonymous_1)
FN:35,(anonymous_2)
FN:46,(anonymous_3)
FN:56,(anonymous_4)
FN:68,(anonymous_5)
FNF:5
FNH:3
FNDA:1,(anonymous_1)
FNDA:4,(anonymous_2)
FNDA:4,(anonymous_3)
FNDA:0,(anonymous_4)
FNDA:0,(anonymous_5)
DA:1,1
DA:3,1
DA:4,1
DA:5,1
DA:7,1
DA:8,1
DA:9,1
DA:32,1
DA:36,4
DA:47,4
DA:56,0
DA:69,0
DA:86,1
LF:13
LH:11
BRDA:47,0,0,4
BRDA:47,0,1,3
BRDA:62,1,0,0
BRDA:62,1,1,1
BRDA:69,2,0,0
BRDA:69,2,1,0
BRF:6
BRH:3
end_of_record
TN:
SF:src\config\axios\axios.config.ts
FNF:0
FNH:0
DA:1,1
DA:2,1
DA:4,1
DA:8,1
LF:4
LH:4
BRF:0
BRH:0
end_of_record
TN:
SF:src\hooks\useAsync.tsx
FN:3,(anonymous_0)
FN:11,(anonymous_1)
FN:15,(anonymous_2)
FN:21,(anonymous_3)
FN:26,(anonymous_4)
FNF:5
FNH:0
FNDA:0,(anonymous_0)
FNDA:0,(anonymous_1)
FNDA:0,(anonymous_2)
FNDA:0,(anonymous_3)
FNDA:0,(anonymous_4)
DA:1,1
DA:3,1
DA:9,0
DA:11,0
DA:12,0
DA:13,0
DA:14,0
DA:16,0
DA:17,0
DA:19,0
DA:22,0
DA:23,0
DA:26,0
DA:27,0
DA:28,0
DA:29,0
DA:33,0
DA:36,1
LF:18
LH:3
BRDA:7,0,0,0
BRDA:16,1,0,0
BRDA:27,2,0,0
BRDA:27,2,1,0
BRF:4
BRH:0
end_of_record
TN:
SF:src\redux\slices\auth.slice.ts
FN:19,(anonymous_0)
FN:24,(anonymous_1)
FN:29,(anonymous_2)
FN:38,(anonymous_3)
FN:45,(anonymous_4)
FN:50,(anonymous_5)
FN:55,(anonymous_6)
FNF:7
FNH:0
FNDA:0,(anonymous_0)
FNDA:0,(anonymous_1)
FNDA:0,(anonymous_2)
FNDA:0,(anonymous_3)
FNDA:0,(anonymous_4)
FNDA:0,(anonymous_5)
FNDA:0,(anonymous_6)
DA:1,1
DA:4,1
DA:15,1
DA:19,0
DA:24,0
DA:29,0
DA:38,0
DA:45,0
DA:50,0
DA:55,0
DA:69,1
DA:79,1
LF:12
LH:5
BRF:0
BRH:0
end_of_record
TN:
SF:src\service\movies.service.ts
FN:5,(anonymous_1)
FN:9,(anonymous_2)
FN:13,(anonymous_3)
FN:24,(anonymous_4)
FN:34,(anonymous_5)
FN:55,(anonymous_6)
FN:57,(anonymous_7)
FNF:7
FNH:0
FNDA:0,(anonymous_1)
FNDA:0,(anonymous_2)
FNDA:0,(anonymous_3)
FNDA:0,(anonymous_4)
FNDA:0,(anonymous_5)
FNDA:0,(anonymous_6)
FNDA:0,(anonymous_7)
DA:1,1
DA:2,1
DA:4,1
DA:6,0
DA:10,0
DA:14,0
DA:25,0
DA:35,0
DA:36,0
DA:45,0
DA:55,0
DA:56,0
DA:57,0
DA:59,0
DA:75,0
LF:15
LH:3
BRF:0
BRH:0
end_of_record
