TN:
SF:src\components\Alert\Alert.tsx
FN:5,(anonymous_0)
FNF:1
FNH:1
FNDA:1,(anonymous_0)
DA:3,2
DA:5,2
DA:6,1
DA:9,2
LF:4
LH:4
BRF:0
BRH:0
end_of_record
TN:
SF:src\components\Back\Back.tsx
FN:5,(anonymous_0)
FN:8,(anonymous_1)
FNF:2
FNH:2
FNDA:2,(anonymous_0)
FNDA:1,(anonymous_1)
DA:2,2
DA:3,2
DA:5,2
DA:6,2
DA:8,2
DA:9,1
DA:12,2
DA:23,2
LF:8
LH:8
BRF:0
BRH:0
end_of_record
TN:
SF:src\components\Button\Button.tsx
FN:6,(anonymous_0)
FNF:1
FNH:1
FNDA:6,(anonymous_0)
DA:3,2
DA:6,2
DA:11,6
DA:18,2
LF:4
LH:4
BRDA:9,0,0,3
BRF:1
BRH:1
end_of_record
TN:
SF:src\components\CardBackdrop\CardBackdrop.tsx
FN:5,(anonymous_0)
FNF:1
FNH:1
FNDA:3,(anonymous_0)
DA:1,2
DA:5,2
DA:6,3
DA:21,2
LF:4
LH:4
BRF:0
BRH:0
end_of_record
TN:
SF:src\components\Categories\Categories.tsx
FN:5,(anonymous_1)
FN:14,(anonymous_2)
FNF:2
FNH:2
FNDA:2,(anonymous_1)
FNDA:2,(anonymous_2)
DA:2,2
DA:5,2
DA:8,2
DA:15,2
DA:21,2
LF:5
LH:5
BRDA:6,0,0,0
BRF:1
BRH:0
end_of_record
TN:
SF:src\components\Categories\components\CategoriesItem\CategoriesItem.tsx
FN:5,(anonymous_0)
FNF:1
FNH:1
FNDA:3,(anonymous_0)
DA:3,3
DA:5,3
DA:8,3
DA:22,3
LF:4
LH:4
BRF:0
BRH:0
end_of_record
TN:
SF:src\components\Common\PrivateRoute\PrivateRoute.tsx
FN:10,(anonymous_1)
FN:11,(anonymous_2)
FNF:2
FNH:2
FNDA:2,(anonymous_1)
FNDA:4,(anonymous_2)
DA:4,1
DA:5,1
DA:7,1
DA:8,1
DA:10,1
DA:11,4
DA:13,2
DA:14,0
DA:17,2
DA:18,1
DA:20,1
DA:28,1
LF:12
LH:11
BRDA:13,0,0,0
BRDA:13,1,0,2
BRDA:13,1,1,0
BRDA:17,2,0,1
BRDA:23,3,0,1
BRDA:23,3,1,0
BRF:6
BRH:3
end_of_record
TN:
SF:src\components\ContenCategory\ContentCategory.tsx
FN:7,(anonymous_1)
FN:14,(anonymous_2)
FN:19,(anonymous_3)
FN:21,(anonymous_4)
FNF:4
FNH:4
FNDA:8,(anonymous_1)
FNDA:3,(anonymous_2)
FNDA:3,(anonymous_3)
FNDA:3,(anonymous_4)
DA:1,4
DA:2,4
DA:4,4
DA:5,4
DA:7,4
DA:12,8
DA:14,8
DA:15,3
DA:18,8
DA:19,3
DA:25,8
DA:35,4
LF:12
LH:12
BRF:0
BRH:0
end_of_record
TN:
SF:src\components\ContenCategory\components\MovieCard\MovieCard.tsx
FN:6,(anonymous_0)
FN:9,(anonymous_1)
FNF:2
FNH:2
FNDA:6,(anonymous_0)
FNDA:1,(anonymous_1)
DA:1,6
DA:4,6
DA:6,6
DA:7,6
DA:9,6
DA:10,1
DA:13,6
DA:28,6
LF:8
LH:8
BRF:0
BRH:0
end_of_record
TN:
SF:src\components\ContenCategory\components\MovieList\MovieList.tsx
FN:6,(anonymous_1)
FN:9,(anonymous_2)
FN:12,(anonymous_3)
FN:19,(anonymous_4)
FN:30,(anonymous_5)
FN:35,(anonymous_6)
FNF:6
FNH:6
FNDA:10,(anonymous_1)
FNDA:1,(anonymous_2)
FNDA:1,(anonymous_3)
FNDA:1,(anonymous_4)
FNDA:4,(anonymous_5)
FNDA:1,(anonymous_6)
DA:1,5
DA:2,5
DA:3,5
DA:6,5
DA:7,10
DA:9,10
DA:10,1
DA:12,10
DA:13,1
DA:16,10
DA:19,1
DA:31,4
DA:35,1
DA:44,5
LF:14
LH:14
BRF:0
BRH:0
end_of_record
TN:
SF:src\components\Input\Input.tsx
FN:6,(anonymous_0)
FNF:1
FNH:1
FNDA:6,(anonymous_0)
DA:3,2
DA:6,2
DA:16,6
DA:37,2
LF:4
LH:4
BRDA:9,0,0,0
BRDA:14,1,0,0
BRDA:22,2,0,6
BRDA:22,2,1,3
BRDA:29,3,0,6
BRDA:29,3,1,3
BRF:6
BRH:4
end_of_record
TN:
SF:src\components\Loader\Loader.tsx
FN:3,(anonymous_0)
FNF:1
FNH:1
FNDA:2,(anonymous_0)
DA:3,6
DA:4,2
DA:18,6
LF:3
LH:3
BRF:0
BRH:0
end_of_record
TN:
SF:src\components\NavBar\NavBar.tsx
FN:9,(anonymous_1)
FN:22,(anonymous_2)
FN:33,(anonymous_3)
FNF:3
FNH:1
FNDA:1,(anonymous_1)
FNDA:0,(anonymous_2)
FNDA:0,(anonymous_3)
DA:1,1
DA:3,1
DA:4,1
DA:5,1
DA:6,1
DA:7,1
DA:9,1
DA:10,1
DA:11,1
DA:13,1
DA:22,0
DA:33,0
DA:41,1
LF:13
LH:11
BRDA:24,0,0,1
BRDA:24,0,1,0
BRF:2
BRH:1
end_of_record
TN:
SF:src\components\NavBar\components\NavLinkItem\NavLinkItem.tsx
FN:5,(anonymous_0)
FNF:1
FNH:1
FNDA:2,(anonymous_0)
DA:3,1
DA:5,1
DA:11,2
DA:38,1
LF:4
LH:4
BRDA:13,0,0,0
BRDA:13,0,1,2
BRF:2
BRH:1
end_of_record
TN:
SF:src\components\NavBar\components\NavLinks\Navlinks.tsx
FN:6,(anonymous_1)
FN:18,(anonymous_2)
FN:29,(anonymous_3)
FNF:3
FNH:3
FNDA:1,(anonymous_1)
FNDA:1,(anonymous_2)
FNDA:1,(anonymous_3)
DA:3,1
DA:4,1
DA:6,1
DA:7,1
DA:15,1
DA:19,1
DA:30,1
DA:44,1
LF:8
LH:8
BRDA:30,0,0,1
BRDA:30,0,1,1
BRF:2
BRH:2
end_of_record
TN:
SF:src\components\Slider\Slider.tsx
FN:7,(anonymous_1)
FN:10,(anonymous_2)
FN:13,(anonymous_3)
FN:22,(anonymous_4)
FN:28,(anonymous_5)
FN:37,(anonymous_6)
FNF:6
FNH:6
FNDA:4,(anonymous_1)
FNDA:1,(anonymous_2)
FNDA:1,(anonymous_3)
FNDA:1,(anonymous_4)
FNDA:1,(anonymous_5)
FNDA:6,(anonymous_6)
DA:1,2
DA:3,2
DA:4,2
DA:7,2
DA:8,4
DA:10,4
DA:11,1
DA:13,4
DA:14,1
DA:17,4
DA:22,1
DA:28,1
DA:38,6
DA:45,2
LF:14
LH:14
BRF:0
BRH:0
end_of_record
TN:
SF:src\components\Slider\SliderItem\SliderItem.tsx
FN:5,(anonymous_0)
FNF:1
FNH:1
FNDA:8,(anonymous_0)
DA:1,3
DA:5,3
DA:6,8
DA:18,3
LF:4
LH:4
BRF:0
BRH:0
end_of_record
TN:
SF:src\pages\ContentDetail\ContentDetail.tsx
FN:13,(anonymous_1)
FN:17,(anonymous_2)
FN:22,(anonymous_3)
FN:24,(anonymous_4)
FNF:4
FNH:1
FNDA:1,(anonymous_1)
FNDA:0,(anonymous_2)
FNDA:0,(anonymous_3)
FNDA:0,(anonymous_4)
DA:1,1
DA:2,1
DA:3,1
DA:4,1
DA:6,1
DA:7,1
DA:8,1
DA:9,1
DA:10,1
DA:11,1
DA:13,1
DA:14,1
DA:15,1
DA:17,1
DA:18,0
DA:21,1
DA:22,0
DA:28,1
DA:71,1
LF:19
LH:17
BRDA:30,0,0,1
BRDA:30,0,1,0
BRF:2
BRH:1
end_of_record
TN:
SF:src\pages\ContentDetail\components\DetailMovie.tsx
FN:5,(anonymous_0)
FN:19,(anonymous_1)
FN:43,(anonymous_2)
FNF:3
FNH:3
FNDA:2,(anonymous_0)
FNDA:1,(anonymous_1)
FNDA:2,(anonymous_2)
DA:2,2
DA:5,2
DA:6,2
DA:20,1
DA:44,2
DA:55,2
LF:6
LH:6
BRDA:18,0,0,2
BRDA:18,0,1,2
BRDA:22,1,0,1
BRDA:22,1,1,0
BRDA:42,2,0,2
BRDA:42,2,1,2
BRDA:46,3,0,2
BRDA:46,3,1,1
BRF:8
BRH:7
end_of_record
TN:
SF:src\pages\Home\Home.tsx
FN:13,(anonymous_1)
FN:17,(anonymous_2)
FN:20,(anonymous_3)
FN:25,(anonymous_4)
FN:27,(anonymous_5)
FN:34,(anonymous_6)
FN:40,(anonymous_7)
FN:48,(anonymous_8)
FNF:8
FNH:1
FNDA:1,(anonymous_1)
FNDA:0,(anonymous_2)
FNDA:0,(anonymous_3)
FNDA:0,(anonymous_4)
FNDA:0,(anonymous_5)
FNDA:0,(anonymous_6)
FNDA:0,(anonymous_7)
FNDA:0,(anonymous_8)
DA:1,1
DA:2,1
DA:4,1
DA:5,1
DA:6,1
DA:7,1
DA:8,1
DA:9,1
DA:10,1
DA:13,1
DA:14,1
DA:15,1
DA:17,1
DA:18,0
DA:20,0
DA:25,1
DA:26,0
DA:27,0
DA:31,1
DA:37,1
DA:43,1
DA:49,0
DA:62,1
LF:23
LH:18
BRDA:45,0,0,1
BRDA:45,0,1,1
BRDA:45,0,2,0
BRF:3
BRH:2
end_of_record
TN:
SF:src\pages\Login\Login.tsx
FN:16,(anonymous_1)
FN:18,(anonymous_2)
FN:20,(anonymous_3)
FN:37,(anonymous_4)
FNF:4
FNH:4
FNDA:2,(anonymous_1)
FNDA:3,(anonymous_2)
FNDA:1,(anonymous_3)
FNDA:1,(anonymous_4)
DA:1,1
DA:3,1
DA:5,1
DA:6,1
DA:7,1
DA:8,1
DA:9,1
DA:10,1
DA:12,1
DA:13,1
DA:14,1
DA:16,1
DA:17,2
DA:18,3
DA:20,2
DA:21,1
DA:22,0
DA:26,2
DA:31,2
DA:37,2
DA:40,1
DA:41,1
DA:42,1
DA:44,1
DA:45,1
DA:47,0
DA:55,2
DA:56,0
DA:59,2
DA:103,1
LF:30
LH:27
BRDA:21,0,0,0
BRDA:44,1,0,1
BRDA:44,2,0,1
BRDA:44,2,1,0
BRDA:55,3,0,0
BRDA:61,4,0,2
BRDA:61,4,1,0
BRDA:70,5,0,2
BRDA:70,5,1,0
BRDA:71,6,0,0
BRDA:71,6,1,0
BRF:11
BRH:4
end_of_record
TN:
SF:src\pages\MovieByGenre\MovieByGenre.tsx
FN:11,(anonymous_1)
FN:15,(anonymous_2)
FN:20,(anonymous_3)
FN:22,(anonymous_4)
FNF:4
FNH:4
FNDA:2,(anonymous_1)
FNDA:1,(anonymous_2)
FNDA:1,(anonymous_3)
FNDA:1,(anonymous_4)
DA:1,1
DA:2,1
DA:3,1
DA:4,1
DA:5,1
DA:7,1
DA:8,1
DA:9,1
DA:11,1
DA:12,2
DA:13,2
DA:15,2
DA:16,1
DA:19,2
DA:20,1
DA:25,2
DA:62,1
LF:17
LH:17
BRDA:27,0,0,2
BRDA:27,0,1,1
BRF:2
BRH:2
end_of_record
